::1 - - [25/Sep/2018:07:35:06 +0000] "GET / HTTP/1.1" 200 221
::1 - - [25/Sep/2018:07:35:07 +0000] "GET /stylesheets/style.css HTTP/1.1" 200 111
::1 - - [16/Oct/2018:15:04:36 +0000] "GET /favicon.ico HTTP/1.1" 404 -
::1 - - [16/Oct/2018:15:07:40 +0000] "GET / HTTP/1.1" 200 149
::1 - - [16/Oct/2018:15:07:40 +0000] "GET /stylesheets/style.css HTTP/1.1" 200 111
::1 - - [16/Oct/2018:15:07:40 +0000] "GET /favicon.ico HTTP/1.1" 404 -
::1 - - [16/Oct/2018:15:11:44 +0000] "GET / HTTP/1.1" 200 179
::1 - - [16/Oct/2018:15:11:44 +0000] "GET /stylesheets/style.css HTTP/1.1" 304 -
::1 - - [16/Oct/2018:15:12:06 +0000] "GET / HTTP/1.1" 304 -
::1 - - [16/Oct/2018:15:12:06 +0000] "GET /stylesheets/style.css HTTP/1.1" 304 -
::1 - - [16/Oct/2018:15:12:10 +0000] "GET /te HTTP/1.1" 404 -
::1 - - [16/Oct/2018:15:15:15 +0000] "GET / HTTP/1.1" 304 -
::1 - - [16/Oct/2018:15:15:15 +0000] "GET /stylesheets/style.css HTTP/1.1" 304 -
::1 - - [16/Oct/2018:15:15:44 +0000] "GET / HTTP/1.1" 304 -
::1 - - [16/Oct/2018:15:15:44 +0000] "GET /stylesheets/style.css HTTP/1.1" 304 -
::1 - - [16/Oct/2018:15:18:09 +0000] "GET /d HTTP/1.1" 500 14
::1 - - [16/Oct/2018:15:18:14 +0000] "GET / HTTP/1.1" 304 -
::1 - - [16/Oct/2018:15:18:14 +0000] "GET /stylesheets/style.css HTTP/1.1" 304 -
::1 - - [17/Oct/2018:12:54:51 +0000] "GET / HTTP/1.1" 304 -
::1 - - [17/Oct/2018:12:54:52 +0000] "GET /stylesheets/style.css HTTP/1.1" 304 -
::1 - - [17/Oct/2018:12:54:52 +0000] "GET /favicon.ico HTTP/1.1" 500 14
::1 - - [17/Oct/2018:12:54:59 +0000] "POST /login HTTP/1.1" 500 -
::1 - - [17/Oct/2018:12:56:51 +0000] "POST /login HTTP/1.1" 200 48
::1 - - [17/Oct/2018:12:56:55 +0000] "POST /login HTTP/1.1" 200 48
::1 - - [17/Oct/2018:12:57:17 +0000] "POST /login HTTP/1.1" 200 155
::1 - - [17/Oct/2018:12:57:22 +0000] "POST /login HTTP/1.1" 200 155
::1 - - [17/Oct/2018:12:57:24 +0000] "POST /login HTTP/1.1" 200 155
::1 - - [17/Oct/2018:12:57:25 +0000] "POST /login HTTP/1.1" 200 155
::1 - - [17/Oct/2018:12:57:26 +0000] "POST /login HTTP/1.1" 200 155
::1 - - [17/Oct/2018:12:57:26 +0000] "POST /login HTTP/1.1" 200 155
::1 - - [17/Oct/2018:12:57:26 +0000] "POST /login HTTP/1.1" 200 155
::1 - - [17/Oct/2018:12:57:27 +0000] "POST /login HTTP/1.1" 200 155
::1 - - [17/Oct/2018:12:57:27 +0000] "POST /login HTTP/1.1" 200 155
::1 - - [17/Oct/2018:12:57:27 +0000] "POST /login HTTP/1.1" 200 155
::1 - - [17/Oct/2018:12:57:28 +0000] "POST /login HTTP/1.1" 200 155
::1 - - [17/Oct/2018:12:57:28 +0000] "POST /login HTTP/1.1" 200 155
::1 - - [17/Oct/2018:12:57:29 +0000] "POST /login HTTP/1.1" 200 155
::1 - - [17/Oct/2018:12:57:30 +0000] "POST /login HTTP/1.1" 200 155
::1 - - [17/Oct/2018:12:58:13 +0000] "POST /login HTTP/1.1" 200 155
::1 - - [17/Oct/2018:12:58:34 +0000] "POST /login HTTP/1.1" 200 155
::1 - - [17/Oct/2018:12:59:56 +0000] "POST /login HTTP/1.1" 200 155
::1 - - [17/Oct/2018:13:00:10 +0000] "POST /login HTTP/1.1" 200 155
::1 - - [17/Oct/2018:13:00:32 +0000] "POST /login HTTP/1.1" 200 155
::1 - - [17/Oct/2018:13:00:41 +0000] "POST /login HTTP/1.1" 200 155
::1 - - [17/Oct/2018:13:02:19 +0000] "POST /login HTTP/1.1" 200 141
::1 - - [17/Oct/2018:13:02:27 +0000] "POST /login HTTP/1.1" 200 141
::1 - - [17/Oct/2018:13:02:33 +0000] "POST /login HTTP/1.1" 200 141
::1 - - [17/Oct/2018:13:02:59 +0000] "POST /login HTTP/1.1" 200 141
::1 - - [17/Oct/2018:13:03:06 +0000] "POST /login HTTP/1.1" 200 141
::1 - - [17/Oct/2018:13:03:44 +0000] "POST /login HTTP/1.1" 200 141
::1 - - [20/Oct/2018:13:11:31 +0000] "GET / HTTP/1.1" 304 -
::1 - - [20/Oct/2018:13:11:31 +0000] "GET /test1 HTTP/1.1" 200 153
::1 - - [20/Oct/2018:13:11:31 +0000] "GET / HTTP/1.1" 200 179
::1 - - [20/Oct/2018:13:11:31 +0000] "GET /favicon.ico HTTP/1.1" 500 14
::1 - - [20/Oct/2018:13:11:31 +0000] "GET /stylesheets/style.css HTTP/1.1" 304 -
::1 - - [20/Oct/2018:13:11:32 +0000] "GET /favicon.ico HTTP/1.1" 500 14
::1 - - [20/Oct/2018:13:11:41 +0000] "GET /test1 HTTP/1.1" 304 -
::1 - - [20/Oct/2018:13:11:42 +0000] "GET /favicon.ico HTTP/1.1" 500 14
::1 - - [20/Oct/2018:13:11:44 +0000] "GET /test1 HTTP/1.1" 200 153
::1 - - [20/Oct/2018:13:11:44 +0000] "GET /favicon.ico HTTP/1.1" 500 14
::1 - - [20/Oct/2018:13:11:50 +0000] "GET /test1 HTTP/1.1" 200 153
::1 - - [20/Oct/2018:13:11:50 +0000] "GET /favicon.ico HTTP/1.1" 500 14
::1 - - [20/Oct/2018:13:12:15 +0000] "GET /test2 HTTP/1.1" 500 14
::1 - - [20/Oct/2018:13:12:15 +0000] "GET /favicon.ico HTTP/1.1" 500 14
::1 - - [20/Oct/2018:13:12:20 +0000] "GET /test2 HTTP/1.1" 500 14
::1 - - [20/Oct/2018:13:12:20 +0000] "GET /favicon.ico HTTP/1.1" 500 14
::1 - - [20/Oct/2018:13:12:24 +0000] "GET /test2 HTTP/1.1" 500 14
::1 - - [20/Oct/2018:13:12:24 +0000] "GET /favicon.ico HTTP/1.1" 500 14
::1 - - [20/Oct/2018:13:12:27 +0000] "GET /test1 HTTP/1.1" 200 153
::1 - - [20/Oct/2018:13:12:27 +0000] "GET /favicon.ico HTTP/1.1" 500 14
::1 - - [20/Oct/2018:13:12:55 +0000] "GET /test1 HTTP/1.1" 200 153
::1 - - [20/Oct/2018:13:12:55 +0000] "GET /favicon.ico HTTP/1.1" 500 14
::1 - - [20/Oct/2018:13:12:57 +0000] "GET /test1 HTTP/1.1" 200 153
::1 - - [20/Oct/2018:13:12:57 +0000] "GET /favicon.ico HTTP/1.1" 500 14
::1 - - [20/Oct/2018:13:13:00 +0000] "GET /test2 HTTP/1.1" 200 153
::1 - - [20/Oct/2018:13:13:00 +0000] "GET /favicon.ico HTTP/1.1" 500 14
::1 - - [20/Oct/2018:13:13:03 +0000] "GET /test2 HTTP/1.1" 200 153
::1 - - [20/Oct/2018:13:13:03 +0000] "GET /favicon.ico HTTP/1.1" 500 14
::1 - - [20/Oct/2018:13:13:18 +0000] "GET /test2 HTTP/1.1" 200 153
::1 - - [20/Oct/2018:13:13:18 +0000] "GET /favicon.ico HTTP/1.1" 500 14
::1 - - [20/Oct/2018:13:13:54 +0000] "GET /test2 HTTP/1.1" 200 153
::1 - - [20/Oct/2018:13:13:54 +0000] "GET /favicon.ico HTTP/1.1" 500 14
::1 - - [20/Oct/2018:13:17:30 +0000] "GET /test1 HTTP/1.1" 200 153
::1 - - [20/Oct/2018:13:17:30 +0000] "GET /favicon.ico HTTP/1.1" 500 14
::1 - - [20/Oct/2018:13:17:34 +0000] "GET /test1 HTTP/1.1" 200 153
::1 - - [20/Oct/2018:13:17:34 +0000] "GET /favicon.ico HTTP/1.1" 500 14
::1 - - [20/Oct/2018:13:17:58 +0000] "GET /test1 HTTP/1.1" 200 153
::1 - - [20/Oct/2018:13:17:58 +0000] "GET /favicon.ico HTTP/1.1" 500 14
::1 - - [20/Oct/2018:13:18:09 +0000] "GET /test2 HTTP/1.1" 200 153
::1 - - [20/Oct/2018:13:18:10 +0000] "GET /favicon.ico HTTP/1.1" 500 14
::1 - - [20/Oct/2018:13:18:20 +0000] "GET /test1 HTTP/1.1" 200 153
::1 - - [20/Oct/2018:13:18:20 +0000] "GET /favicon.ico HTTP/1.1" 500 14
::1 - - [20/Oct/2018:13:18:23 +0000] "GET /test1 HTTP/1.1" 200 153
::1 - - [20/Oct/2018:13:18:23 +0000] "GET /favicon.ico HTTP/1.1" 500 14
::1 - - [20/Oct/2018:13:19:07 +0000] "GET /test1 HTTP/1.1" 200 153
::1 - - [20/Oct/2018:13:19:07 +0000] "GET /favicon.ico HTTP/1.1" 500 14
::1 - - [20/Oct/2018:14:09:52 +0000] "POST /signup HTTP/1.1" 200 70
::1 - - [20/Oct/2018:14:10:04 +0000] "POST /signup HTTP/1.1" 200 63
::1 - - [20/Oct/2018:14:11:37 +0000] "POST /signup HTTP/1.1" 500 -
::1 - - [20/Oct/2018:14:14:47 +0000] "POST /signup HTTP/1.1" - -
::1 - - [20/Oct/2018:14:15:27 +0000] "POST /signup HTTP/1.1" - -
::1 - - [20/Oct/2018:14:18:29 +0000] "POST /signup HTTP/1.1" 200 75
::1 - - [20/Oct/2018:14:18:55 +0000] "POST /signup HTTP/1.1" 200 62
::1 - - [20/Oct/2018:14:46:16 +0000] "POST /signup HTTP/1.1" 200 125
::1 - - [20/Oct/2018:14:50:07 +0000] "POST /signup HTTP/1.1" 200 123
::1 - - [20/Oct/2018:14:51:21 +0000] "POST /signup HTTP/1.1" 200 62
::1 - - [20/Oct/2018:14:51:41 +0000] "POST /signup HTTP/1.1" 200 123
::1 - - [21/Oct/2018:06:27:37 +0000] "POST /signup HTTP/1.1" 200 125
::1 - - [21/Oct/2018:06:27:55 +0000] "POST /signup HTTP/1.1" 200 62
::1 - - [21/Oct/2018:06:28:30 +0000] "POST /signup HTTP/1.1" 200 123
::1 - - [21/Oct/2018:06:30:46 +0000] "POST /activateAccount HTTP/1.1" 200 71
::1 - - [21/Oct/2018:06:32:01 +0000] "POST /login HTTP/1.1" 200 58
::1 - - [21/Oct/2018:06:32:09 +0000] "POST /login HTTP/1.1" 200 58
::1 - - [21/Oct/2018:06:32:43 +0000] "POST /login HTTP/1.1" 200 58
::1 - - [21/Oct/2018:06:34:59 +0000] "POST /login HTTP/1.1" 200 58
::1 - - [21/Oct/2018:06:35:24 +0000] "POST /login HTTP/1.1" 200 58
::1 - - [21/Oct/2018:06:36:26 +0000] "POST /login HTTP/1.1" 200 65
::1 - - [21/Oct/2018:06:36:37 +0000] "POST /login HTTP/1.1" 200 65
::1 - - [21/Oct/2018:06:36:44 +0000] "POST /login HTTP/1.1" 200 273
::1 - - [21/Oct/2018:06:48:54 +0000] "POST /activateAccount HTTP/1.1" 500 -
::1 - - [21/Oct/2018:06:49:25 +0000] "POST /activateAccount HTTP/1.1" 200 71
::1 - - [21/Oct/2018:06:51:37 +0000] "POST /activateAccount HTTP/1.1" - -
::1 - - [21/Oct/2018:06:52:30 +0000] "POST /activateAccount HTTP/1.1" 200 71
::1 - - [21/Oct/2018:06:52:39 +0000] "POST /activateAccount HTTP/1.1" 500 -
::1 - - [21/Oct/2018:06:53:46 +0000] "POST /activateAccount HTTP/1.1" 200 56
::1 - - [21/Oct/2018:06:53:48 +0000] "POST /activateAccount HTTP/1.1" 200 56
::1 - - [21/Oct/2018:06:54:09 +0000] "POST /activateAccount HTTP/1.1" 200 71
::1 - - [21/Oct/2018:07:03:14 +0000] "GET /test1 HTTP/1.1" 500 14
::1 - - [21/Oct/2018:07:03:30 +0000] "GET /testMail HTTP/1.1" 200 61
::1 - - [21/Oct/2018:07:03:31 +0000] "GET /favicon.ico HTTP/1.1" 500 14
::1 - - [21/Oct/2018:07:11:23 +0000] "POST /addUpdateTicket HTTP/1.1" 200 56
::1 - - [21/Oct/2018:07:11:26 +0000] "POST /addUpdateTicket HTTP/1.1" 200 56
::1 - - [21/Oct/2018:07:11:47 +0000] "POST /addUpdateTicket HTTP/1.1" 200 133
::1 - - [22/Oct/2018:14:42:49 +0000] "POST /login HTTP/1.1" 200 297
::1 - - [22/Oct/2018:14:43:11 +0000] "POST /getTicketTypes HTTP/1.1" 200 135
::1 - - [22/Oct/2018:14:43:47 +0000] "POST /getTicketTypes HTTP/1.1" 200 461
::1 - - [23/Oct/2018:16:39:49 +0000] "POST /getTicketTypes HTTP/1.1" 200 56
::1 - - [23/Oct/2018:16:39:54 +0000] "POST /login HTTP/1.1" 200 65
::1 - - [23/Oct/2018:16:40:27 +0000] "POST /signup HTTP/1.1" 200 123
::1 - - [23/Oct/2018:16:40:53 +0000] "POST /login HTTP/1.1" 200 70
::1 - - [23/Oct/2018:16:41:15 +0000] "POST /login HTTP/1.1" 200 297
::1 - - [23/Oct/2018:16:46:03 +0000] "POST /addUpdateTicket HTTP/1.1" 200 61
::1 - - [23/Oct/2018:16:47:28 +0000] "POST /addUpdateTicket HTTP/1.1" 200 70
::1 - - [23/Oct/2018:16:47:54 +0000] "POST /addUpdateTicket HTTP/1.1" 200 70
::1 - - [23/Oct/2018:16:54:58 +0000] "POST /addUpdateTicket HTTP/1.1" 200 192
::1 - - [23/Oct/2018:16:59:44 +0000] "POST /addUpdateTicket HTTP/1.1" 200 193
::1 - - [23/Oct/2018:17:02:19 +0000] "POST /addUpdateTicket HTTP/1.1" 200 193
::1 - - [23/Oct/2018:17:03:18 +0000] "POST /addUpdateTicket HTTP/1.1" 200 193
::1 - - [23/Oct/2018:17:03:54 +0000] "POST /addUpdateTicket HTTP/1.1" 200 193
::1 - - [23/Oct/2018:17:04:37 +0000] "POST /addUpdateTicket HTTP/1.1" 200 193
::1 - - [23/Oct/2018:17:05:11 +0000] "POST /addUpdateTicket HTTP/1.1" 200 193
::1 - - [23/Oct/2018:17:07:08 +0000] "POST /addUpdateTicket HTTP/1.1" 200 192
::1 - - [25/Oct/2018:10:46:28 +0000] "POST /login HTTP/1.1" 200 65
::1 - - [25/Oct/2018:10:46:36 +0000] "POST /login HTTP/1.1" 200 65
::1 - - [25/Oct/2018:10:46:47 +0000] "POST /login HTTP/1.1" 200 65
::1 - - [25/Oct/2018:10:46:50 +0000] "POST /login HTTP/1.1" 200 65
::1 - - [25/Oct/2018:10:46:56 +0000] "POST /login HTTP/1.1" 200 65
::1 - - [25/Oct/2018:10:48:14 +0000] "POST /signup HTTP/1.1" 200 62
::1 - - [25/Oct/2018:10:48:33 +0000] "POST /signup HTTP/1.1" 200 123
::1 - - [25/Oct/2018:10:48:47 +0000] "POST /login HTTP/1.1" 200 70
::1 - - [25/Oct/2018:10:49:11 +0000] "POST /login HTTP/1.1" 200 288
::1 - - [25/Oct/2018:10:49:39 +0000] "POST /getTicket HTTP/1.1" 200 50
::1 - - [25/Oct/2018:10:50:56 +0000] "POST /getTicket HTTP/1.1" 200 70
::1 - - [25/Oct/2018:10:51:10 +0000] "POST /getTicket HTTP/1.1" 200 50
::1 - - [25/Oct/2018:10:51:24 +0000] "POST /getTicket HTTP/1.1" 200 50
::1 - - [25/Oct/2018:10:52:21 +0000] "POST /getTicket HTTP/1.1" - -
::1 - - [25/Oct/2018:10:52:24 +0000] "POST /getTicket HTTP/1.1" 200 387
::1 - - [25/Oct/2018:10:52:54 +0000] "POST /getTicket HTTP/1.1" 200 50
::1 - - [25/Oct/2018:10:53:14 +0000] "POST /getTicket HTTP/1.1" 200 387
::1 - - [25/Oct/2018:10:55:40 +0000] "POST /getTicket HTTP/1.1" 200 387
::1 - - [25/Oct/2018:10:56:03 +0000] "POST /getTicket HTTP/1.1" 200 54
::1 - - [25/Oct/2018:10:56:11 +0000] "POST /getTicket HTTP/1.1" 200 387
::1 - - [26/Oct/2018:05:09:18 +0000] "POST /login HTTP/1.1" 200 70
::1 - - [26/Oct/2018:05:11:43 +0000] "POST /login HTTP/1.1" 200 288
::1 - - [26/Oct/2018:05:11:55 +0000] "POST /login HTTP/1.1" 200 70
::1 - - [26/Oct/2018:05:12:21 +0000] "POST /login HTTP/1.1" 200 70
::1 - - [26/Oct/2018:05:12:45 +0000] "POST /login HTTP/1.1" 200 70
::1 - - [26/Oct/2018:05:28:12 +0000] "POST /login HTTP/1.1" 200 70
::1 - - [26/Oct/2018:05:28:26 +0000] "POST /login HTTP/1.1" 200 70
::1 - - [26/Oct/2018:05:29:41 +0000] "POST /login HTTP/1.1" 200 70
::1 - - [26/Oct/2018:05:41:25 +0000] "POST /login HTTP/1.1" 200 70
::1 - - [26/Oct/2018:06:41:57 +0000] "POST /login HTTP/1.1" 200 70
::1 - - [26/Oct/2018:06:44:43 +0000] "POST /login HTTP/1.1" 200 70
::1 - - [26/Oct/2018:06:47:24 +0000] "POST /login HTTP/1.1" 200 70
::1 - - [26/Oct/2018:07:13:12 +0000] "POST /login HTTP/1.1" 500 70
::1 - - [26/Oct/2018:07:15:17 +0000] "POST /login HTTP/1.1" 500 70
::1 - - [26/Oct/2018:07:17:01 +0000] "POST /login HTTP/1.1" 500 70
::1 - - [26/Oct/2018:07:17:33 +0000] "POST /login HTTP/1.1" 500 70
::1 - - [26/Oct/2018:07:18:41 +0000] "POST /login HTTP/1.1" 500 70
::1 - - [26/Oct/2018:09:05:14 +0000] "POST /login HTTP/1.1" 500 70
::1 - - [26/Oct/2018:09:07:55 +0000] "POST /login HTTP/1.1" 200 70
::1 - - [26/Oct/2018:09:09:52 +0000] "POST /login HTTP/1.1" 200 70
::1 - - [26/Oct/2018:09:13:02 +0000] "POST /login HTTP/1.1" 400 70
::1 - - [26/Oct/2018:09:14:14 +0000] "POST /login HTTP/1.1" 400 70
::1 - - [26/Oct/2018:09:15:18 +0000] "POST /login HTTP/1.1" 200 70
::1 - - [26/Oct/2018:09:27:06 +0000] "POST /login HTTP/1.1" 200 70
::1 - - [26/Oct/2018:09:39:27 +0000] "POST /login1 HTTP/1.1" 500 14
::1 - - [26/Oct/2018:10:11:47 +0000] "POST /login HTTP/1.1" 200 70
::1 - - [26/Oct/2018:15:32:26 +0000] "POST /login HTTP/1.1" 200 65
::1 - - [26/Oct/2018:15:32:59 +0000] "POST /login HTTP/1.1" 200 65
::1 - - [26/Oct/2018:15:36:16 +0000] "POST /login HTTP/1.1" 200 65
::1 - - [26/Oct/2018:15:36:21 +0000] "POST /login HTTP/1.1" 200 65
::1 - - [26/Oct/2018:15:36:25 +0000] "POST /login HTTP/1.1" 200 65
::1 - - [26/Oct/2018:15:36:28 +0000] "POST /login HTTP/1.1" 200 65
::1 - - [26/Oct/2018:15:36:31 +0000] "POST /login HTTP/1.1" 200 65
::1 - - [26/Oct/2018:16:33:44 +0000] "POST /login HTTP/1.1" 200 65
::1 - - [26/Oct/2018:16:33:44 +0000] "POST /login HTTP/1.1" 200 65
::1 - - [26/Oct/2018:16:36:58 +0000] "POST /login HTTP/1.1" 200 65
::1 - - [26/Oct/2018:16:42:28 +0000] "POST /login HTTP/1.1" 200 65
::1 - - [26/Oct/2018:16:44:30 +0000] "POST /login HTTP/1.1" 200 65
::1 - - [26/Oct/2018:17:06:11 +0000] "POST /login HTTP/1.1" 200 65
::1 - - [26/Oct/2018:17:06:49 +0000] "POST /login HTTP/1.1" 200 65
::1 - - [26/Oct/2018:17:11:28 +0000] "POST /login HTTP/1.1" 200 65
::1 - - [26/Oct/2018:17:13:12 +0000] "POST /login HTTP/1.1" 200 65
::1 - - [26/Oct/2018:17:15:02 +0000] "POST /login HTTP/1.1" 200 65
::1 - - [26/Oct/2018:17:16:54 +0000] "POST /login HTTP/1.1" 200 65
::1 - - [26/Oct/2018:17:18:01 +0000] "POST /login HTTP/1.1" 200 65
::1 - - [26/Oct/2018:17:18:15 +0000] "POST /login HTTP/1.1" 200 65
::1 - - [27/Oct/2018:05:54:54 +0000] "POST /register HTTP/1.1" 500 14
::1 - - [27/Oct/2018:05:54:57 +0000] "POST /register HTTP/1.1" 500 14
::1 - - [27/Oct/2018:05:56:00 +0000] "POST /signup HTTP/1.1" 200 123
::1 - - [27/Oct/2018:06:00:21 +0000] "POST /signup HTTP/1.1" 200 123
::1 - - [27/Oct/2018:06:46:35 +0000] "POST /activateAccount HTTP/1.1" 200 71
::1 - - [27/Oct/2018:06:47:59 +0000] "POST /signup HTTP/1.1" 200 123
::1 - - [27/Oct/2018:06:49:03 +0000] "POST /activateAccount HTTP/1.1" 200 71
::1 - - [27/Oct/2018:07:07:04 +0000] "POST /login HTTP/1.1" 200 65
::1 - - [27/Oct/2018:07:07:11 +0000] "POST /login HTTP/1.1" 200 297
::1 - - [27/Oct/2018:07:17:22 +0000] "POST /getTicketTypes HTTP/1.1" 200 461
::1 - - [27/Oct/2018:07:19:02 +0000] "POST /getTicketTypes HTTP/1.1" 200 56
::1 - - [27/Oct/2018:07:20:29 +0000] "POST /getTicketTypes HTTP/1.1" 200 56
::1 - - [27/Oct/2018:07:20:56 +0000] "POST /login HTTP/1.1" 200 297
::1 - - [27/Oct/2018:07:25:08 +0000] "POST /signup HTTP/1.1" 200 123
::1 - - [27/Oct/2018:07:25:53 +0000] "POST /activateAccount HTTP/1.1" 200 71
::1 - - [27/Oct/2018:07:26:10 +0000] "POST /login HTTP/1.1" 200 70
::1 - - [27/Oct/2018:07:27:24 +0000] "POST /activateAccount HTTP/1.1" 200 71
::1 - - [27/Oct/2018:07:28:06 +0000] "POST /activateAccount HTTP/1.1" 200 71
::1 - - [27/Oct/2018:07:28:19 +0000] "POST /activateAccount HTTP/1.1" 200 71
::1 - - [27/Oct/2018:07:31:34 +0000] "POST /activateAccount HTTP/1.1" - -
::1 - - [27/Oct/2018:07:31:38 +0000] "POST /signup HTTP/1.1" 200 123
::1 - - [27/Oct/2018:07:31:52 +0000] "POST /activateAccount HTTP/1.1" 200 71
::1 - - [27/Oct/2018:07:33:51 +0000] "POST /activateAccount HTTP/1.1" 200 71
::1 - - [27/Oct/2018:07:34:24 +0000] "POST /activateAccount HTTP/1.1" 200 71
::1 - - [27/Oct/2018:07:37:44 +0000] "POST /signup HTTP/1.1" 200 123
::1 - - [27/Oct/2018:07:38:45 +0000] "POST /signup HTTP/1.1" 200 123
::1 - - [27/Oct/2018:07:39:54 +0000] "POST /signup HTTP/1.1" 200 123
::1 - - [27/Oct/2018:07:40:16 +0000] "POST /activateAccount HTTP/1.1" 200 71
::1 - - [27/Oct/2018:08:40:27 +0000] "POST /signup HTTP/1.1" 200 123
::1 - - [27/Oct/2018:08:40:42 +0000] "POST /activateAccount HTTP/1.1" 200 71
::1 - - [27/Oct/2018:08:41:31 +0000] "POST /activateAccount HTTP/1.1" 200 71
::1 - - [27/Oct/2018:08:41:38 +0000] "POST /activateAccount HTTP/1.1" 200 71
::1 - - [27/Oct/2018:08:42:08 +0000] "POST /login HTTP/1.1" 200 288
::1 - - [27/Oct/2018:08:42:21 +0000] "POST /getTicketTypes HTTP/1.1" 200 461
::1 - - [27/Oct/2018:08:45:05 +0000] "POST /getTicketTypes HTTP/1.1" 200 461
::1 - - [27/Oct/2018:08:47:03 +0000] "POST /getTicketTypes HTTP/1.1" 200 461
::1 - - [27/Oct/2018:09:50:08 +0000] "POST /login HTTP/1.1" 200 288
::1 - - [27/Oct/2018:09:50:11 +0000] "POST /getTicketTypes HTTP/1.1" 200 461
::1 - - [27/Oct/2018:09:53:28 +0000] "POST /getTicketTypes HTTP/1.1" 200 461
::1 - - [27/Oct/2018:09:56:20 +0000] "POST /addUpdateTicket HTTP/1.1" 200 70
::1 - - [27/Oct/2018:09:58:23 +0000] "POST /getTicketTypes HTTP/1.1" 200 461
::1 - - [27/Oct/2018:10:00:28 +0000] "POST /addUpdateTicket HTTP/1.1" 200 70
::1 - - [27/Oct/2018:10:03:00 +0000] "POST /addUpdateTicket HTTP/1.1" 200 70
::1 - - [27/Oct/2018:10:03:00 +0000] "POST /getTicketTypes HTTP/1.1" 200 461
::1 - - [27/Oct/2018:10:04:40 +0000] "POST /addUpdateTicket HTTP/1.1" 200 70
::1 - - [27/Oct/2018:10:06:26 +0000] "POST /addUpdateTicket HTTP/1.1" 200 70
::1 - - [27/Oct/2018:10:06:26 +0000] "POST /getTicketTypes HTTP/1.1" 200 461
::1 - - [27/Oct/2018:10:08:10 +0000] "POST /getTicketTypes HTTP/1.1" 200 461
::1 - - [27/Oct/2018:10:09:33 +0000] "POST /getTicketTypes HTTP/1.1" 200 461
::1 - - [27/Oct/2018:10:10:46 +0000] "POST /getTicketTypes HTTP/1.1" 200 461
::1 - - [27/Oct/2018:10:11:18 +0000] "POST /getTicketTypes HTTP/1.1" 200 461
::1 - - [27/Oct/2018:10:11:57 +0000] "POST /addUpdateTicket HTTP/1.1" 200 188
::1 - - [27/Oct/2018:10:12:42 +0000] "POST /getTicketTypes HTTP/1.1" 200 461
::1 - - [27/Oct/2018:10:13:15 +0000] "POST /addUpdateTicket HTTP/1.1" 200 188
::1 - - [27/Oct/2018:10:22:05 +0000] "POST /getTicketTypes HTTP/1.1" - -
::1 - - [27/Oct/2018:10:22:05 +0000] "POST /getTicketTypes HTTP/1.1" 200 461
::1 - - [27/Oct/2018:10:24:22 +0000] "POST /getTicketTypes HTTP/1.1" - -
::1 - - [27/Oct/2018:10:24:23 +0000] "POST /getTicketTypes HTTP/1.1" 200 461
::1 - - [27/Oct/2018:10:29:04 +0000] "POST /getTickets HTTP/1.1" 200 65
::1 - - [27/Oct/2018:10:29:28 +0000] "POST /getTickets HTTP/1.1" 200 65
::1 - - [27/Oct/2018:10:31:07 +0000] "POST /getTickets HTTP/1.1" 200 65
::1 - - [27/Oct/2018:10:31:42 +0000] "POST /getTickets HTTP/1.1" 200 536
::1 - - [27/Oct/2018:10:33:21 +0000] "POST /getTickets HTTP/1.1" 200 536
::1 - - [27/Oct/2018:10:34:50 +0000] "POST /getTickets HTTP/1.1" 200 536
::1 - - [27/Oct/2018:10:37:23 +0000] "POST /getTickets HTTP/1.1" 200 536
::1 - - [27/Oct/2018:10:38:37 +0000] "POST /getTickets HTTP/1.1" 200 536
::1 - - [27/Oct/2018:10:49:19 +0000] "POST /getTickets HTTP/1.1" 200 536
::1 - - [27/Oct/2018:10:50:09 +0000] "POST /getTickets HTTP/1.1" 200 536
::1 - - [27/Oct/2018:10:52:23 +0000] "POST /getTickets HTTP/1.1" 200 536
::1 - - [27/Oct/2018:10:54:45 +0000] "POST /getTickets HTTP/1.1" 200 536
::1 - - [27/Oct/2018:10:57:58 +0000] "POST /getTickets HTTP/1.1" 200 536
::1 - - [27/Oct/2018:10:58:17 +0000] "POST /getTickets HTTP/1.1" 200 536
::1 - - [27/Oct/2018:11:01:04 +0000] "POST /getTicketTypes HTTP/1.1" 200 461
::1 - - [27/Oct/2018:11:19:19 +0000] "POST /getTicketTypes HTTP/1.1" 200 461
::1 - - [27/Oct/2018:11:20:25 +0000] "POST /getTicketTypes HTTP/1.1" 200 461
::1 - - [27/Oct/2018:11:20:30 +0000] "POST /getTickets HTTP/1.1" 200 536
::1 - - [27/Oct/2018:11:20:35 +0000] "POST /getTicket HTTP/1.1" 200 70
::1 - - [27/Oct/2018:11:20:35 +0000] "POST /getTicketTypes HTTP/1.1" 200 461
::1 - - [27/Oct/2018:11:20:54 +0000] "POST /getTicket HTTP/1.1" 200 70
::1 - - [27/Oct/2018:11:20:54 +0000] "POST /getTicketTypes HTTP/1.1" 200 461
::1 - - [27/Oct/2018:11:23:09 +0000] "POST /getTicket HTTP/1.1" 200 70
::1 - - [27/Oct/2018:11:23:09 +0000] "POST /getTicketTypes HTTP/1.1" 200 461
::1 - - [27/Oct/2018:11:23:09 +0000] "POST /getTickets HTTP/1.1" 200 536
::1 - - [27/Oct/2018:11:23:20 +0000] "POST /getTickets HTTP/1.1" 200 536
::1 - - [27/Oct/2018:11:23:23 +0000] "POST /getTicketTypes HTTP/1.1" 200 461
::1 - - [27/Oct/2018:11:23:43 +0000] "POST /getTicketTypes HTTP/1.1" 200 461
::1 - - [27/Oct/2018:11:26:19 +0000] "POST /getTickets HTTP/1.1" 200 536
::1 - - [27/Oct/2018:11:26:23 +0000] "POST /getTicketTypes HTTP/1.1" 200 461
::1 - - [27/Oct/2018:11:26:31 +0000] "POST /getTicket HTTP/1.1" 200 382
::1 - - [27/Oct/2018:11:27:36 +0000] "POST /getTicketTypes HTTP/1.1" 200 461
::1 - - [27/Oct/2018:11:27:36 +0000] "POST /getTicket HTTP/1.1" 200 380
::1 - - [27/Oct/2018:11:28:05 +0000] "POST /getTicketTypes HTTP/1.1" 200 461
::1 - - [27/Oct/2018:11:28:05 +0000] "POST /getTicket HTTP/1.1" 200 380
::1 - - [27/Oct/2018:11:29:14 +0000] "POST /getTicketTypes HTTP/1.1" 200 461
::1 - - [27/Oct/2018:11:29:14 +0000] "POST /getTicket HTTP/1.1" 200 380
::1 - - [27/Oct/2018:11:29:23 +0000] "POST /getTicketTypes HTTP/1.1" 200 461
::1 - - [27/Oct/2018:11:29:23 +0000] "POST /getTicket HTTP/1.1" 200 380
::1 - - [27/Oct/2018:11:33:05 +0000] "POST /getTicketTypes HTTP/1.1" 200 461
::1 - - [27/Oct/2018:11:33:05 +0000] "POST /getTicket HTTP/1.1" 200 380
::1 - - [27/Oct/2018:11:33:35 +0000] "POST /getTicketTypes HTTP/1.1" 200 461
::1 - - [27/Oct/2018:11:33:35 +0000] "POST /getTicket HTTP/1.1" 200 380
::1 - - [27/Oct/2018:11:33:52 +0000] "POST /getTicketTypes HTTP/1.1" 200 461
::1 - - [27/Oct/2018:11:33:52 +0000] "POST /getTicket HTTP/1.1" 200 380
::1 - - [27/Oct/2018:11:42:36 +0000] "POST /getTicketTypes HTTP/1.1" 200 461
::1 - - [27/Oct/2018:11:42:36 +0000] "POST /getTicket HTTP/1.1" 200 380
::1 - - [27/Oct/2018:11:50:33 +0000] "POST /getTickets HTTP/1.1" 200 536
::1 - - [27/Oct/2018:11:51:22 +0000] "POST /getTickets HTTP/1.1" 200 536
::1 - - [27/Oct/2018:11:51:29 +0000] "POST /getTicketTypes HTTP/1.1" 200 461
::1 - - [27/Oct/2018:11:51:29 +0000] "POST /getTicket HTTP/1.1" 200 404
::1 - - [27/Oct/2018:11:51:51 +0000] "POST /getTicketTypes HTTP/1.1" 200 461
::1 - - [27/Oct/2018:11:51:51 +0000] "POST /getTicket HTTP/1.1" 200 404
::1 - - [27/Oct/2018:11:56:56 +0000] "POST /getTicketTypes HTTP/1.1" 200 461
::1 - - [27/Oct/2018:11:56:56 +0000] "POST /getTicket HTTP/1.1" 200 404
::1 - - [27/Oct/2018:11:58:57 +0000] "POST /getTicketTypes HTTP/1.1" 200 461
::1 - - [27/Oct/2018:11:58:57 +0000] "POST /getTicket HTTP/1.1" 200 404
::1 - - [27/Oct/2018:12:00:03 +0000] "POST /addUpdateTicket HTTP/1.1" 200 190
::1 - - [27/Oct/2018:12:00:03 +0000] "POST /getTickets HTTP/1.1" 200 549
::1 - - [27/Oct/2018:12:00:42 +0000] "POST /getTicketTypes HTTP/1.1" 200 461
::1 - - [27/Oct/2018:12:00:42 +0000] "POST /getTicket HTTP/1.1" 200 413
::1 - - [27/Oct/2018:12:01:06 +0000] "POST /addUpdateTicket HTTP/1.1" 200 190
::1 - - [27/Oct/2018:12:01:06 +0000] "POST /getTickets HTTP/1.1" 200 533
::1 - - [27/Oct/2018:12:03:00 +0000] "POST /getTicketTypes HTTP/1.1" 200 461
::1 - - [27/Oct/2018:12:03:00 +0000] "POST /getTicket HTTP/1.1" 200 390
::1 - - [27/Oct/2018:12:03:51 +0000] "POST /addUpdateTicket HTTP/1.1" 200 190
::1 - - [27/Oct/2018:12:03:51 +0000] "POST /getTickets HTTP/1.1" 200 533
::1 - - [27/Oct/2018:12:04:58 +0000] "POST /getTicketTypes HTTP/1.1" 200 461
::1 - - [27/Oct/2018:12:04:58 +0000] "POST /getTicket HTTP/1.1" 200 390
::1 - - [27/Oct/2018:12:05:08 +0000] "POST /addUpdateTicket HTTP/1.1" 200 189
::1 - - [27/Oct/2018:12:05:08 +0000] "POST /getTickets HTTP/1.1" 200 652
::1 - - [27/Oct/2018:12:07:01 +0000] "POST /getTickets HTTP/1.1" 200 652
::1 - - [27/Oct/2018:12:07:04 +0000] "POST /getTicketTypes HTTP/1.1" 200 461
::1 - - [27/Oct/2018:12:07:04 +0000] "POST /getTicket HTTP/1.1" 200 390
::1 - - [27/Oct/2018:12:07:34 +0000] "POST /addUpdateTicket HTTP/1.1" 200 189
::1 - - [27/Oct/2018:12:07:34 +0000] "POST /getTickets HTTP/1.1" 200 774
::1 - - [27/Oct/2018:12:07:49 +0000] "POST /getTicketTypes HTTP/1.1" 200 461
::1 - - [27/Oct/2018:12:07:49 +0000] "POST /getTicket HTTP/1.1" 200 390
::1 - - [27/Oct/2018:12:08:10 +0000] "POST /addUpdateTicket HTTP/1.1" 200 189
::1 - - [27/Oct/2018:12:08:10 +0000] "POST /getTickets HTTP/1.1" 200 894
::1 - - [27/Oct/2018:12:08:41 +0000] "POST /getTicketTypes HTTP/1.1" 200 461
::1 - - [27/Oct/2018:12:08:41 +0000] "POST /getTicket HTTP/1.1" 200 391
::1 - - [27/Oct/2018:12:10:22 +0000] "POST /addUpdateTicket HTTP/1.1" 200 189
::1 - - [27/Oct/2018:12:10:22 +0000] "POST /getTickets HTTP/1.1" 200 1014
::1 - - [27/Oct/2018:12:13:54 +0000] "POST /getTicketTypes HTTP/1.1" 200 461
::1 - - [27/Oct/2018:12:13:54 +0000] "POST /getTicket HTTP/1.1" 200 391
::1 - - [27/Oct/2018:12:17:36 +0000] "POST /addUpdateTicket HTTP/1.1" 200 202
::1 - - [27/Oct/2018:12:17:36 +0000] "POST /getTickets HTTP/1.1" 200 1014
::1 - - [27/Oct/2018:12:20:09 +0000] "POST /getTicketTypes HTTP/1.1" 200 461
::1 - - [27/Oct/2018:12:20:09 +0000] "POST /getTicket HTTP/1.1" 200 391
::1 - - [27/Oct/2018:12:20:38 +0000] "POST /addUpdateTicket HTTP/1.1" 200 202
::1 - - [27/Oct/2018:12:20:38 +0000] "POST /getTickets HTTP/1.1" 200 1014
::1 - - [27/Oct/2018:12:21:57 +0000] "POST /getTicketTypes HTTP/1.1" 200 461
::1 - - [27/Oct/2018:12:21:57 +0000] "POST /getTicket HTTP/1.1" 200 391
::1 - - [27/Oct/2018:12:22:17 +0000] "POST /addUpdateTicket HTTP/1.1" 200 189
::1 - - [27/Oct/2018:12:22:17 +0000] "POST /getTickets HTTP/1.1" 200 -
::1 - - [27/Oct/2018:12:24:24 +0000] "POST /getTicketTypes HTTP/1.1" 200 461
::1 - - [27/Oct/2018:12:24:25 +0000] "POST /getTicket HTTP/1.1" 200 391
::1 - - [27/Oct/2018:12:24:44 +0000] "POST /addUpdateTicket HTTP/1.1" 200 190
::1 - - [27/Oct/2018:12:24:44 +0000] "POST /getTickets HTTP/1.1" 200 -
::1 - - [27/Oct/2018:12:28:26 +0000] "POST /getTickets HTTP/1.1" 200 54
::1 - - [27/Oct/2018:12:28:30 +0000] "POST /getTicketTypes HTTP/1.1" 200 461
::1 - - [27/Oct/2018:12:29:07 +0000] "POST /addUpdateTicket HTTP/1.1" 200 61
::1 - - [27/Oct/2018:12:29:13 +0000] "POST /addUpdateTicket HTTP/1.1" 200 61
::1 - - [27/Oct/2018:12:29:48 +0000] "POST /addUpdateTicket HTTP/1.1" 200 61
::1 - - [27/Oct/2018:12:31:23 +0000] "POST /addUpdateTicket HTTP/1.1" 200 61
::1 - - [27/Oct/2018:12:31:45 +0000] "POST /addUpdateTicket HTTP/1.1" 200 61
::1 - - [27/Oct/2018:12:32:27 +0000] "POST /addUpdateTicket HTTP/1.1" 200 61
::1 - - [27/Oct/2018:12:32:59 +0000] "POST /addUpdateTicket HTTP/1.1" 200 61
::1 - - [27/Oct/2018:12:33:36 +0000] "POST /addUpdateTicket HTTP/1.1" 200 61
::1 - - [27/Oct/2018:12:33:42 +0000] "POST /addUpdateTicket HTTP/1.1" 200 61
::1 - - [27/Oct/2018:12:35:11 +0000] "POST /addUpdateTicket HTTP/1.1" 200 61
::1 - - [27/Oct/2018:12:35:19 +0000] "POST /addUpdateTicket HTTP/1.1" 200 189
::1 - - [27/Oct/2018:12:35:19 +0000] "POST /getTickets HTTP/1.1" 200 54
::1 - - [27/Oct/2018:12:35:29 +0000] "POST /getTickets HTTP/1.1" 200 54
::1 - - [27/Oct/2018:12:35:50 +0000] "POST /getTicketTypes HTTP/1.1" 200 461
::1 - - [27/Oct/2018:12:37:13 +0000] "POST /addUpdateTicket HTTP/1.1" 200 189
::1 - - [27/Oct/2018:12:37:13 +0000] "POST /getTickets HTTP/1.1" 200 154
::1 - - [27/Oct/2018:12:37:20 +0000] "POST /getTicketTypes HTTP/1.1" 200 461
::1 - - [27/Oct/2018:12:37:20 +0000] "POST /getTicket HTTP/1.1" 200 331
::1 - - [27/Oct/2018:12:37:25 +0000] "POST /getTickets HTTP/1.1" 200 154
::1 - - [27/Oct/2018:12:37:26 +0000] "POST /getTicketTypes HTTP/1.1" 200 461
::1 - - [27/Oct/2018:12:37:56 +0000] "POST /addUpdateTicket HTTP/1.1" 200 189
::1 - - [27/Oct/2018:12:37:56 +0000] "POST /getTickets HTTP/1.1" 200 258
::1 - - [27/Oct/2018:12:38:03 +0000] "POST /getTicketTypes HTTP/1.1" 200 461
::1 - - [27/Oct/2018:12:38:19 +0000] "POST /addUpdateTicket HTTP/1.1" 200 189
::1 - - [27/Oct/2018:12:38:19 +0000] "POST /getTickets HTTP/1.1" 200 367
::1 - - [27/Oct/2018:12:38:32 +0000] "POST /getTicketTypes HTTP/1.1" 200 461
::1 - - [27/Oct/2018:12:38:32 +0000] "POST /getTicket HTTP/1.1" 200 345
::1 - - [27/Oct/2018:12:38:50 +0000] "POST /addUpdateTicket HTTP/1.1" 200 190
::1 - - [27/Oct/2018:12:38:50 +0000] "POST /getTickets HTTP/1.1" 200 372
::1 - - [27/Oct/2018:12:38:57 +0000] "POST /getTicketTypes HTTP/1.1" 200 461
::1 - - [27/Oct/2018:12:38:57 +0000] "POST /getTicket HTTP/1.1" 200 358
::1 - - [27/Oct/2018:12:39:01 +0000] "POST /getTickets HTTP/1.1" 200 372
::1 - - [27/Oct/2018:12:39:11 +0000] "POST /getTicketTypes HTTP/1.1" 200 461
::1 - - [27/Oct/2018:12:39:11 +0000] "POST /getTicket HTTP/1.1" 200 344
::1 - - [27/Oct/2018:12:39:23 +0000] "POST /addUpdateTicket HTTP/1.1" 200 190
::1 - - [27/Oct/2018:12:39:23 +0000] "POST /getTickets HTTP/1.1" 200 373
::1 - - [29/Oct/2018:15:28:11 +0000] "POST /getTickets HTTP/1.1" 200 56
::1 - - [29/Oct/2018:15:28:17 +0000] "POST /getTickets HTTP/1.1" 200 56
::1 - - [29/Oct/2018:15:28:40 +0000] "POST /getTickets HTTP/1.1" 200 56
::1 - - [29/Oct/2018:15:32:02 +0000] "POST /getTickets HTTP/1.1" 200 56
::1 - - [29/Oct/2018:15:33:07 +0000] "POST /getTickets HTTP/1.1" 200 56
::1 - - [29/Oct/2018:15:33:36 +0000] "POST /getTickets HTTP/1.1" 200 56
::1 - - [29/Oct/2018:15:34:41 +0000] "POST /getTickets HTTP/1.1" 200 56
::1 - - [30/Oct/2018:14:17:02 +0000] "POST /getTickets HTTP/1.1" 200 56
::1 - - [30/Oct/2018:14:17:08 +0000] "POST /getTickets HTTP/1.1" 200 56
::1 - - [30/Oct/2018:14:17:24 +0000] "POST /login HTTP/1.1" 200 288
::1 - - [30/Oct/2018:14:17:24 +0000] "POST /getTickets HTTP/1.1" 200 373
::1 - - [30/Oct/2018:14:17:33 +0000] "POST /getTicketTypes HTTP/1.1" 200 461
::1 - - [30/Oct/2018:14:17:33 +0000] "POST /getTicket HTTP/1.1" 200 331
::1 - - [30/Oct/2018:14:18:16 +0000] "POST /addUpdateTicket HTTP/1.1" 200 190
::1 - - [30/Oct/2018:14:18:16 +0000] "POST /getTickets HTTP/1.1" 200 389
::1 - - [30/Oct/2018:14:18:33 +0000] "POST /getTicketTypes HTTP/1.1" 200 461
::1 - - [30/Oct/2018:14:18:33 +0000] "POST /getTicket HTTP/1.1" 200 462
::1 - - [30/Oct/2018:14:18:37 +0000] "POST /addUpdateTicket HTTP/1.1" 200 190
::1 - - [30/Oct/2018:14:18:37 +0000] "POST /getTickets HTTP/1.1" 200 389
::1 - - [30/Oct/2018:14:18:42 +0000] "POST /getTicketTypes HTTP/1.1" 200 461
::1 - - [30/Oct/2018:14:18:42 +0000] "POST /getTicket HTTP/1.1" 200 358
::1 - - [30/Oct/2018:14:19:16 +0000] "POST /addUpdateTicket HTTP/1.1" 200 190
::1 - - [30/Oct/2018:14:19:16 +0000] "POST /getTickets HTTP/1.1" 200 399
::1 - - [30/Oct/2018:14:19:25 +0000] "POST /getTicketTypes HTTP/1.1" 200 461
::1 - - [30/Oct/2018:14:19:25 +0000] "POST /getTicket HTTP/1.1" 200 459
::1 - - [30/Oct/2018:14:19:29 +0000] "POST /addUpdateTicket HTTP/1.1" 200 190
::1 - - [30/Oct/2018:14:19:29 +0000] "POST /getTickets HTTP/1.1" 200 399
::1 - - [30/Oct/2018:14:21:05 +0000] "POST /getTicketTypes HTTP/1.1" 200 461
::1 - - [30/Oct/2018:14:21:05 +0000] "POST /getTicket HTTP/1.1" 200 351
::1 - - [30/Oct/2018:14:21:07 +0000] "POST /getTickets HTTP/1.1" 200 399
::1 - - [30/Oct/2018:14:21:29 +0000] "POST /getTicketTypes HTTP/1.1" 200 461
::1 - - [30/Oct/2018:14:21:29 +0000] "POST /getTicket HTTP/1.1" 200 351
::1 - - [30/Oct/2018:14:21:57 +0000] "POST /addUpdateTicket HTTP/1.1" 200 190
::1 - - [30/Oct/2018:14:21:57 +0000] "POST /getTickets HTTP/1.1" 200 415
::1 - - [30/Oct/2018:14:22:01 +0000] "POST /getTicketTypes HTTP/1.1" 200 461
::1 - - [30/Oct/2018:14:22:45 +0000] "POST /addUpdateTicket HTTP/1.1" 200 189
::1 - - [30/Oct/2018:14:22:45 +0000] "POST /getTickets HTTP/1.1" 200 541
::1 - - [30/Oct/2018:14:25:05 +0000] "POST /getTickets HTTP/1.1" 200 65
::1 - - [30/Oct/2018:14:26:31 +0000] "POST /getTickets HTTP/1.1" 200 597
::1 - - [30/Oct/2018:14:27:09 +0000] "POST /getTickets HTTP/1.1" 200 541
::1 - - [30/Oct/2018:14:35:26 +0000] "POST /getTickets HTTP/1.1" 200 541
::1 - - [30/Oct/2018:14:38:32 +0000] "POST /deleteTicket HTTP/1.1" 500 -
::1 - - [30/Oct/2018:14:39:38 +0000] "POST /deleteTicket HTTP/1.1" 200 61
::1 - - [30/Oct/2018:14:42:59 +0000] "POST /getTickets HTTP/1.1" 200 541
::1 - - [30/Oct/2018:14:43:14 +0000] "POST /deleteTicket HTTP/1.1" 200 191
::1 - - [30/Oct/2018:14:43:14 +0000] "POST /getTickets HTTP/1.1" 200 415
::1 - - [30/Oct/2018:14:43:28 +0000] "POST /getTicketTypes HTTP/1.1" 200 461
::1 - - [30/Oct/2018:14:43:41 +0000] "POST /addUpdateTicket HTTP/1.1" 200 189
::1 - - [30/Oct/2018:14:43:41 +0000] "POST /getTickets HTTP/1.1" 200 523
::1 - - [30/Oct/2018:14:43:51 +0000] "POST /deleteTicket HTTP/1.1" 200 191
::1 - - [30/Oct/2018:14:43:51 +0000] "POST /getTickets HTTP/1.1" 200 415
::1 - - [30/Oct/2018:14:43:57 +0000] "POST /deleteTicket HTTP/1.1" 200 191
::1 - - [30/Oct/2018:14:43:57 +0000] "POST /getTickets HTTP/1.1" 200 296
::1 - - [30/Oct/2018:14:54:34 +0000] "POST /getTickets HTTP/1.1" 200 296
::1 - - [30/Oct/2018:15:01:00 +0000] "POST /getTickets HTTP/1.1" 200 296
::1 - - [30/Oct/2018:15:02:56 +0000] "POST /getTickets HTTP/1.1" 200 296
::1 - - [30/Oct/2018:15:11:26 +0000] "POST /getTickets HTTP/1.1" 200 296
::1 - - [30/Oct/2018:15:17:36 +0000] "POST /getTickets HTTP/1.1" 200 296
::1 - - [30/Oct/2018:15:19:35 +0000] "POST /getTickets HTTP/1.1" 200 296
::1 - - [30/Oct/2018:15:28:42 +0000] "POST /getTickets HTTP/1.1" 200 296
::1 - - [30/Oct/2018:15:28:50 +0000] "POST /getTicket HTTP/1.1" 500 14
::1 - - [30/Oct/2018:15:28:50 +0000] "POST /getTicketTypes HTTP/1.1" 200 461
::1 - - [30/Oct/2018:15:30:10 +0000] "POST /getTickets HTTP/1.1" 200 296
::1 - - [30/Oct/2018:15:30:23 +0000] "POST /getTicketTypes HTTP/1.1" 200 461
::1 - - [30/Oct/2018:15:30:23 +0000] "POST /getTicket HTTP/1.1" 200 467
::1 - - [30/Oct/2018:15:30:26 +0000] "POST /getTickets HTTP/1.1" 200 296
::1 - - [30/Oct/2018:15:33:59 +0000] "POST /getTickets HTTP/1.1" 200 296
::1 - - [30/Oct/2018:15:36:59 +0000] "POST /getTickets HTTP/1.1" 200 296
::1 - - [30/Oct/2018:16:00:27 +0000] "POST /getUsers HTTP/1.1" 200 68
::1 - - [30/Oct/2018:16:00:27 +0000] "POST /getTickets HTTP/1.1" 200 296
::1 - - [30/Oct/2018:16:02:16 +0000] "POST /getUsers HTTP/1.1" 200 68
::1 - - [30/Oct/2018:16:02:16 +0000] "POST /getTickets HTTP/1.1" 200 296
::1 - - [30/Oct/2018:16:03:27 +0000] "POST /getUsers HTTP/1.1" 200 56
::1 - - [30/Oct/2018:16:03:28 +0000] "POST /getTickets HTTP/1.1" 200 296
::1 - - [30/Oct/2018:16:04:59 +0000] "POST /getUsers HTTP/1.1" 200 101
::1 - - [30/Oct/2018:16:04:59 +0000] "POST /getTickets HTTP/1.1" 200 296
::1 - - [30/Oct/2018:16:08:29 +0000] "POST /getUsers HTTP/1.1" 200 101
::1 - - [30/Oct/2018:16:08:29 +0000] "POST /getTickets HTTP/1.1" 200 296
::1 - - [30/Oct/2018:16:22:38 +0000] "POST /getUsers HTTP/1.1" 200 101
::1 - - [30/Oct/2018:16:22:38 +0000] "POST /getTickets HTTP/1.1" 200 296
::1 - - [30/Oct/2018:16:23:39 +0000] "POST /updateTicketStatus HTTP/1.1" 200 70
::1 - - [30/Oct/2018:16:23:48 +0000] "POST /updateTicketStatus HTTP/1.1" 200 70
::1 - - [30/Oct/2018:16:25:18 +0000] "POST /updateTicketStatus HTTP/1.1" 200 62
::1 - - [30/Oct/2018:16:25:56 +0000] "POST /updateTicketStatus HTTP/1.1" 200 62
::1 - - [30/Oct/2018:16:26:57 +0000] "POST /updateTicketStatus HTTP/1.1" 200 62
::1 - - [30/Oct/2018:16:29:03 +0000] "POST /getUsers HTTP/1.1" 200 101
::1 - - [30/Oct/2018:16:29:03 +0000] "POST /getTickets HTTP/1.1" 200 302
::1 - - [30/Oct/2018:16:29:43 +0000] "POST /updateTicketStatus HTTP/1.1" 200 62
::1 - - [30/Oct/2018:16:29:43 +0000] "POST /getTickets HTTP/1.1" 200 300
::1 - - [30/Oct/2018:16:33:37 +0000] "POST /getUsers HTTP/1.1" 200 101
::1 - - [30/Oct/2018:16:33:37 +0000] "POST /getTickets HTTP/1.1" 200 300
::1 - - [30/Oct/2018:16:34:23 +0000] "POST /updateTicketStatus HTTP/1.1" 200 62
::1 - - [30/Oct/2018:16:34:23 +0000] "POST /getTickets HTTP/1.1" 200 302
::1 - - [30/Oct/2018:16:34:50 +0000] "POST /updateTicketStatus HTTP/1.1" 200 67
::1 - - [30/Oct/2018:16:34:58 +0000] "POST /updateTicketStatus HTTP/1.1" 200 67
::1 - - [30/Oct/2018:16:36:30 +0000] "POST /updateTicketStatus HTTP/1.1" 200 62
::1 - - [30/Oct/2018:16:36:30 +0000] "POST /getTickets HTTP/1.1" 200 305
::1 - - [30/Oct/2018:16:37:11 +0000] "POST /updateTicketStatus HTTP/1.1" 200 62
::1 - - [30/Oct/2018:16:37:11 +0000] "POST /getTickets HTTP/1.1" 200 305
::1 - - [30/Oct/2018:16:37:25 +0000] "POST /updateTicketStatus HTTP/1.1" 200 62
::1 - - [30/Oct/2018:16:37:25 +0000] "POST /getTickets HTTP/1.1" 200 299
::1 - - [30/Oct/2018:16:42:22 +0000] "POST /getUsers HTTP/1.1" 200 101
::1 - - [30/Oct/2018:16:42:22 +0000] "POST /getTickets HTTP/1.1" 200 299
::1 - - [30/Oct/2018:16:42:43 +0000] "POST /updateTicketStatus HTTP/1.1" 200 62
::1 - - [30/Oct/2018:16:42:43 +0000] "POST /getTickets HTTP/1.1" 200 305
::1 - - [30/Oct/2018:16:43:21 +0000] "POST /updateTicketStatus HTTP/1.1" 200 62
::1 - - [30/Oct/2018:16:43:21 +0000] "POST /getTickets HTTP/1.1" 200 302
::1 - - [31/Oct/2018:14:08:47 +0000] "POST /getUsers HTTP/1.1" 200 56
::1 - - [31/Oct/2018:14:08:47 +0000] "POST /getTickets HTTP/1.1" 200 56
::1 - - [31/Oct/2018:14:12:07 +0000] "POST /login HTTP/1.1" 200 288
::1 - - [31/Oct/2018:14:12:07 +0000] "POST /getUsers HTTP/1.1" 200 101
::1 - - [31/Oct/2018:14:12:07 +0000] "POST /getTickets HTTP/1.1" 200 302
::1 - - [31/Oct/2018:14:18:54 +0000] "POST /getUsers HTTP/1.1" 200 101
::1 - - [31/Oct/2018:14:18:54 +0000] "POST /getTickets HTTP/1.1" 200 302
::1 - - [31/Oct/2018:14:30:54 +0000] "POST /getUsers HTTP/1.1" 200 101
::1 - - [31/Oct/2018:14:30:54 +0000] "POST /getTickets HTTP/1.1" 200 328
::1 - - [31/Oct/2018:14:31:20 +0000] "POST /updateTicketStatus HTTP/1.1" 200 62
::1 - - [31/Oct/2018:14:31:20 +0000] "POST /getTickets HTTP/1.1" 200 332
::1 - - [31/Oct/2018:14:31:37 +0000] "POST /updateTicketStatus HTTP/1.1" 200 62
::1 - - [31/Oct/2018:14:31:37 +0000] "POST /getTickets HTTP/1.1" 200 331
::1 - - [31/Oct/2018:14:31:50 +0000] "POST /updateTicketStatus HTTP/1.1" 200 62
::1 - - [31/Oct/2018:14:31:50 +0000] "POST /getTickets HTTP/1.1" 200 332
::1 - - [31/Oct/2018:14:36:59 +0000] "POST /getUsers HTTP/1.1" 200 101
::1 - - [31/Oct/2018:14:36:59 +0000] "POST /getTickets HTTP/1.1" 200 332
::1 - - [31/Oct/2018:14:37:24 +0000] "POST /getUsers HTTP/1.1" 200 101
::1 - - [31/Oct/2018:14:37:24 +0000] "POST /getTickets HTTP/1.1" 200 332
::1 - - [31/Oct/2018:14:41:25 +0000] "POST /getUsers HTTP/1.1" 200 101
::1 - - [31/Oct/2018:14:41:25 +0000] "POST /getTickets HTTP/1.1" 200 332
::1 - - [31/Oct/2018:14:43:25 +0000] "POST /getUsers HTTP/1.1" 200 101
::1 - - [31/Oct/2018:14:43:25 +0000] "POST /getTickets HTTP/1.1" 200 332
::1 - - [01/Nov/2018:14:21:08 +0000] "POST /getUsers HTTP/1.1" 200 56
::1 - - [01/Nov/2018:14:21:08 +0000] "POST /getTickets HTTP/1.1" 200 56
::1 - - [01/Nov/2018:14:21:16 +0000] "POST /getUsers HTTP/1.1" 200 56
::1 - - [01/Nov/2018:14:21:16 +0000] "POST /getTickets HTTP/1.1" 200 56
::1 - - [01/Nov/2018:14:27:52 +0000] "POST /getUsers HTTP/1.1" 200 56
::1 - - [01/Nov/2018:14:27:52 +0000] "POST /getTickets HTTP/1.1" 200 56
::1 - - [01/Nov/2018:14:45:47 +0000] "POST /islogined HTTP/1.1" 200 56
::1 - - [01/Nov/2018:14:48:31 +0000] "POST /islogined HTTP/1.1" 200 56
::1 - - [01/Nov/2018:14:49:32 +0000] "POST /islogined HTTP/1.1" 200 56
::1 - - [01/Nov/2018:14:50:06 +0000] "POST /login HTTP/1.1" 200 288
::1 - - [01/Nov/2018:14:50:06 +0000] "POST /getUsers HTTP/1.1" 200 101
::1 - - [01/Nov/2018:14:50:07 +0000] "POST /getTickets HTTP/1.1" 200 332
::1 - - [01/Nov/2018:14:50:36 +0000] "POST /islogined HTTP/1.1" 200 54
::1 - - [01/Nov/2018:14:50:36 +0000] "POST /getUsers HTTP/1.1" 200 101
::1 - - [01/Nov/2018:14:50:36 +0000] "POST /getTickets HTTP/1.1" 200 332
::1 - - [01/Nov/2018:14:52:21 +0000] "POST /islogined HTTP/1.1" 200 54
::1 - - [01/Nov/2018:14:52:21 +0000] "POST /getUsers HTTP/1.1" 200 101
::1 - - [01/Nov/2018:14:52:21 +0000] "POST /getTickets HTTP/1.1" 200 332
::1 - - [01/Nov/2018:14:54:20 +0000] "POST /islogined HTTP/1.1" 200 54
::1 - - [01/Nov/2018:14:54:47 +0000] "POST /islogined HTTP/1.1" 200 56
::1 - - [01/Nov/2018:14:55:10 +0000] "POST /login HTTP/1.1" 200 288
::1 - - [01/Nov/2018:14:55:10 +0000] "POST /getUsers HTTP/1.1" 200 101
::1 - - [01/Nov/2018:14:55:10 +0000] "POST /getTickets HTTP/1.1" 200 332
::1 - - [01/Nov/2018:14:55:18 +0000] "POST /getUsers HTTP/1.1" 200 101
::1 - - [01/Nov/2018:14:55:18 +0000] "POST /getTickets HTTP/1.1" 200 332
::1 - - [01/Nov/2018:14:55:21 +0000] "POST /getUsers HTTP/1.1" 200 101
::1 - - [01/Nov/2018:14:55:21 +0000] "POST /getTickets HTTP/1.1" 200 332
::1 - - [01/Nov/2018:14:55:28 +0000] "POST /updateTicketStatus HTTP/1.1" 200 62
::1 - - [01/Nov/2018:14:55:28 +0000] "POST /getTickets HTTP/1.1" 200 326
::1 - - [01/Nov/2018:14:56:16 +0000] "POST /login HTTP/1.1" 200 288
::1 - - [01/Nov/2018:14:56:16 +0000] "POST /getUsers HTTP/1.1" 200 101
::1 - - [01/Nov/2018:14:56:16 +0000] "POST /getTickets HTTP/1.1" 200 326
::1 - - [02/Nov/2018:14:18:56 +0000] "POST /islogined HTTP/1.1" 200 56
::1 - - [02/Nov/2018:14:19:53 +0000] "POST /signup HTTP/1.1" 200 123
::1 - - [02/Nov/2018:14:20:19 +0000] "POST /signup HTTP/1.1" 200 123
::1 - - [02/Nov/2018:14:21:05 +0000] "POST /login HTTP/1.1" 200 281
::1 - - [02/Nov/2018:14:21:05 +0000] "POST /getUsers HTTP/1.1" 200 202
::1 - - [02/Nov/2018:14:21:05 +0000] "POST /getTickets HTTP/1.1" 200 54
::1 - - [02/Nov/2018:14:21:46 +0000] "POST /getUsers HTTP/1.1" 200 202
::1 - - [02/Nov/2018:14:21:46 +0000] "POST /getTickets HTTP/1.1" 200 54
::1 - - [02/Nov/2018:14:21:53 +0000] "POST /islogined HTTP/1.1" 200 54
::1 - - [02/Nov/2018:14:21:53 +0000] "POST /getUsers HTTP/1.1" 200 202
::1 - - [02/Nov/2018:14:21:53 +0000] "POST /getTickets HTTP/1.1" 200 54
::1 - - [02/Nov/2018:14:21:59 +0000] "POST /getUsers HTTP/1.1" 200 202
::1 - - [02/Nov/2018:14:21:59 +0000] "POST /getTickets HTTP/1.1" 200 54
::1 - - [02/Nov/2018:14:22:08 +0000] "POST /getTicketTypes HTTP/1.1" 200 461
::1 - - [02/Nov/2018:14:23:06 +0000] "POST /addUpdateTicket HTTP/1.1" 200 189
::1 - - [02/Nov/2018:14:23:06 +0000] "POST /getUsers HTTP/1.1" 200 202
::1 - - [02/Nov/2018:14:23:06 +0000] "POST /getTickets HTTP/1.1" 200 186
::1 - - [02/Nov/2018:14:23:13 +0000] "POST /getTicketTypes HTTP/1.1" 200 461
::1 - - [02/Nov/2018:14:23:53 +0000] "POST /addUpdateTicket HTTP/1.1" 200 189
::1 - - [02/Nov/2018:14:23:53 +0000] "POST /getUsers HTTP/1.1" 200 202
::1 - - [02/Nov/2018:14:23:53 +0000] "POST /getTickets HTTP/1.1" 200 317
::1 - - [02/Nov/2018:14:23:57 +0000] "POST /getTicketTypes HTTP/1.1" 200 461
::1 - - [02/Nov/2018:14:24:28 +0000] "POST /addUpdateTicket HTTP/1.1" 200 189
::1 - - [02/Nov/2018:14:24:28 +0000] "POST /getUsers HTTP/1.1" 200 202
::1 - - [02/Nov/2018:14:24:28 +0000] "POST /getTickets HTTP/1.1" 200 454
::1 - - [02/Nov/2018:14:24:44 +0000] "POST /getTicketTypes HTTP/1.1" 200 461
::1 - - [02/Nov/2018:14:25:28 +0000] "POST /addUpdateTicket HTTP/1.1" 200 189
::1 - - [02/Nov/2018:14:25:28 +0000] "POST /getUsers HTTP/1.1" 200 202
::1 - - [02/Nov/2018:14:25:28 +0000] "POST /getTickets HTTP/1.1" 200 589
::1 - - [02/Nov/2018:14:25:57 +0000] "POST /updateTicketStatus HTTP/1.1" 200 62
::1 - - [02/Nov/2018:14:25:57 +0000] "POST /getTickets HTTP/1.1" 200 595
::1 - - [02/Nov/2018:14:26:07 +0000] "POST /updateTicketStatus HTTP/1.1" 200 62
::1 - - [02/Nov/2018:14:26:07 +0000] "POST /getTickets HTTP/1.1" 200 599
::1 - - [02/Nov/2018:14:26:50 +0000] "POST /updateTicketStatus HTTP/1.1" 200 62
::1 - - [02/Nov/2018:14:26:50 +0000] "POST /getTickets HTTP/1.1" 200 603
::1 - - [02/Nov/2018:14:27:13 +0000] "POST /getTicketTypes HTTP/1.1" 200 461
::1 - - [02/Nov/2018:14:27:42 +0000] "POST /addUpdateTicket HTTP/1.1" 200 189
::1 - - [02/Nov/2018:14:27:42 +0000] "POST /getUsers HTTP/1.1" 200 202
::1 - - [02/Nov/2018:14:27:42 +0000] "POST /getTickets HTTP/1.1" 200 739
::1 - - [02/Nov/2018:14:28:28 +0000] "POST /login HTTP/1.1" 200 280
::1 - - [02/Nov/2018:14:28:28 +0000] "POST /getUsers HTTP/1.1" 200 202
::1 - - [02/Nov/2018:14:28:28 +0000] "POST /getTickets HTTP/1.1" 200 54
::1 - - [02/Nov/2018:14:28:30 +0000] "POST /getTicketTypes HTTP/1.1" 200 461
::1 - - [02/Nov/2018:14:29:04 +0000] "POST /addUpdateTicket HTTP/1.1" 200 189
::1 - - [02/Nov/2018:14:29:05 +0000] "POST /getUsers HTTP/1.1" 200 202
::1 - - [02/Nov/2018:14:29:05 +0000] "POST /getTickets HTTP/1.1" 200 188
::1 - - [02/Nov/2018:14:29:06 +0000] "POST /getTicketTypes HTTP/1.1" 200 461
::1 - - [02/Nov/2018:14:29:38 +0000] "POST /addUpdateTicket HTTP/1.1" 200 189
::1 - - [02/Nov/2018:14:29:38 +0000] "POST /getUsers HTTP/1.1" 200 202
::1 - - [02/Nov/2018:14:29:38 +0000] "POST /getTickets HTTP/1.1" 200 321
::1 - - [02/Nov/2018:14:29:40 +0000] "POST /getTicketTypes HTTP/1.1" 200 461
::1 - - [02/Nov/2018:14:30:07 +0000] "POST /addUpdateTicket HTTP/1.1" 200 189
::1 - - [02/Nov/2018:14:30:07 +0000] "POST /getUsers HTTP/1.1" 200 202
::1 - - [02/Nov/2018:14:30:07 +0000] "POST /getTickets HTTP/1.1" 200 454
::1 - - [02/Nov/2018:14:30:10 +0000] "POST /getTicketTypes HTTP/1.1" 200 461
::1 - - [02/Nov/2018:14:30:50 +0000] "POST /addUpdateTicket HTTP/1.1" 200 189
::1 - - [02/Nov/2018:14:30:50 +0000] "POST /getUsers HTTP/1.1" 200 202
::1 - - [02/Nov/2018:14:30:50 +0000] "POST /getTickets HTTP/1.1" 200 588
::1 - - [02/Nov/2018:14:30:59 +0000] "POST /updateTicketStatus HTTP/1.1" 200 62
::1 - - [02/Nov/2018:14:30:59 +0000] "POST /getTickets HTTP/1.1" 200 592
::1 - - [02/Nov/2018:14:31:11 +0000] "POST /updateTicketStatus HTTP/1.1" 200 62
::1 - - [02/Nov/2018:14:31:11 +0000] "POST /getTickets HTTP/1.1" 200 594
::1 - - [02/Nov/2018:14:31:38 +0000] "POST /updateTicketStatus HTTP/1.1" 200 62
::1 - - [02/Nov/2018:14:31:38 +0000] "POST /getTickets HTTP/1.1" 200 592
::1 - - [02/Nov/2018:14:33:51 +0000] "POST /getUsers HTTP/1.1" 200 202
::1 - - [02/Nov/2018:14:33:51 +0000] "POST /getTickets HTTP/1.1" 200 592
::1 - - [02/Nov/2018:15:02:29 +0000] "POST /islogined HTTP/1.1" 200 54
::1 - - [02/Nov/2018:15:02:30 +0000] "POST /getUsers HTTP/1.1" 200 202
::1 - - [02/Nov/2018:15:02:30 +0000] "POST /getTickets HTTP/1.1" 200 592
::1 - - [02/Nov/2018:15:02:33 +0000] "POST /getTickets HTTP/1.1" 200 592
::1 - - [02/Nov/2018:15:03:45 +0000] "POST /islogined HTTP/1.1" 200 54
::1 - - [02/Nov/2018:15:03:45 +0000] "POST /getTickets HTTP/1.1" 200 592
::1 - - [02/Nov/2018:15:04:14 +0000] "POST /islogined HTTP/1.1" 200 54
::1 - - [02/Nov/2018:15:04:14 +0000] "POST /getTickets HTTP/1.1" 200 592
::1 - - [02/Nov/2018:15:04:56 +0000] "POST /islogined HTTP/1.1" 200 54
::1 - - [02/Nov/2018:15:04:56 +0000] "POST /getTickets HTTP/1.1" 200 592
::1 - - [02/Nov/2018:15:05:41 +0000] "POST /islogined HTTP/1.1" 200 54
::1 - - [02/Nov/2018:15:08:57 +0000] "POST /getRTickets HTTP/1.1" - -
::1 - - [02/Nov/2018:15:09:40 +0000] "POST /islogined HTTP/1.1" 200 54
::1 - - [02/Nov/2018:15:10:31 +0000] "POST /islogined HTTP/1.1" 200 54
::1 - - [02/Nov/2018:15:10:40 +0000] "POST /getRTickets HTTP/1.1" 200 -
::1 - - [02/Nov/2018:15:18:05 +0000] "POST /islogined HTTP/1.1" 200 54
::1 - - [02/Nov/2018:15:18:05 +0000] "POST /getRTickets HTTP/1.1" 200 -
::1 - - [02/Nov/2018:15:18:55 +0000] "POST /islogined HTTP/1.1" 200 54
::1 - - [02/Nov/2018:15:18:55 +0000] "POST /getRTickets HTTP/1.1" 200 -
::1 - - [02/Nov/2018:15:20:37 +0000] "POST /islogined HTTP/1.1" 200 54
::1 - - [02/Nov/2018:15:20:37 +0000] "POST /getRTickets HTTP/1.1" 200 -
::1 - - [02/Nov/2018:15:21:53 +0000] "POST /islogined HTTP/1.1" 200 54
::1 - - [02/Nov/2018:15:21:53 +0000] "POST /getRTickets HTTP/1.1" 200 -
::1 - - [02/Nov/2018:15:22:05 +0000] "POST /getUsers HTTP/1.1" 200 202
::1 - - [02/Nov/2018:15:22:05 +0000] "POST /getTickets HTTP/1.1" 200 592
::1 - - [02/Nov/2018:15:23:41 +0000] "POST /islogined HTTP/1.1" 200 54
::1 - - [02/Nov/2018:15:23:41 +0000] "POST /getUsers HTTP/1.1" 200 202
::1 - - [02/Nov/2018:15:23:41 +0000] "POST /getTickets HTTP/1.1" 200 592
::1 - - [02/Nov/2018:15:23:45 +0000] "POST /getRTickets HTTP/1.1" 200 -
::1 - - [02/Nov/2018:15:24:54 +0000] "POST /islogined HTTP/1.1" 200 54
::1 - - [02/Nov/2018:15:24:54 +0000] "POST /getRTickets HTTP/1.1" 200 -
::1 - - [02/Nov/2018:15:25:44 +0000] "POST /islogined HTTP/1.1" 200 54
::1 - - [02/Nov/2018:15:25:44 +0000] "POST /getRTickets HTTP/1.1" 200 -
::1 - - [02/Nov/2018:15:26:04 +0000] "POST /getUsers HTTP/1.1" 200 202
::1 - - [02/Nov/2018:15:26:04 +0000] "POST /getTickets HTTP/1.1" 200 592
::1 - - [02/Nov/2018:15:26:06 +0000] "POST /getRTickets HTTP/1.1" 200 -
::1 - - [02/Nov/2018:15:26:57 +0000] "POST /islogined HTTP/1.1" 200 54
::1 - - [02/Nov/2018:15:26:57 +0000] "POST /getRTickets HTTP/1.1" 200 -
::1 - - [02/Nov/2018:15:32:14 +0000] "POST /islogined HTTP/1.1" 200 54
::1 - - [02/Nov/2018:15:32:14 +0000] "POST /getRTickets HTTP/1.1" 200 -
::1 - - [02/Nov/2018:16:52:18 +0000] "POST /islogined HTTP/1.1" 200 54
::1 - - [02/Nov/2018:16:52:21 +0000] "POST /getRTickets HTTP/1.1" 200 -
::1 - - [02/Nov/2018:16:52:32 +0000] "POST /getRTickets HTTP/1.1" 200 -
::1 - - [02/Nov/2018:16:54:27 +0000] "POST /islogined HTTP/1.1" 200 54
::1 - - [02/Nov/2018:16:54:27 +0000] "POST /getRTickets HTTP/1.1" 200 -
::1 - - [02/Nov/2018:17:00:49 +0000] "POST /islogined HTTP/1.1" 200 54
::1 - - [02/Nov/2018:17:00:49 +0000] "POST /getRTickets HTTP/1.1" 200 -
::1 - - [02/Nov/2018:17:01:44 +0000] "POST /islogined HTTP/1.1" 200 54
::1 - - [02/Nov/2018:17:01:44 +0000] "POST /getRTickets HTTP/1.1" 200 -
::1 - - [02/Nov/2018:17:09:27 +0000] "POST /islogined HTTP/1.1" 200 54
::1 - - [02/Nov/2018:17:09:27 +0000] "POST /getRTickets HTTP/1.1" 200 -
::1 - - [02/Nov/2018:17:19:41 +0000] "POST /islogined HTTP/1.1" 200 54
::1 - - [02/Nov/2018:17:19:41 +0000] "POST /getRTickets HTTP/1.1" 200 -
::1 - - [02/Nov/2018:17:23:49 +0000] "POST /islogined HTTP/1.1" 200 54
::1 - - [02/Nov/2018:17:23:49 +0000] "POST /getRTickets HTTP/1.1" 200 -
::1 - - [02/Nov/2018:17:24:15 +0000] "POST /islogined HTTP/1.1" 200 54
::1 - - [02/Nov/2018:17:24:15 +0000] "POST /getRTickets HTTP/1.1" 200 -
::1 - - [02/Nov/2018:17:25:42 +0000] "POST /islogined HTTP/1.1" 200 54
::1 - - [02/Nov/2018:17:25:42 +0000] "POST /getRTickets HTTP/1.1" 200 -
::1 - - [02/Nov/2018:17:29:00 +0000] "POST /islogined HTTP/1.1" 200 54
::1 - - [02/Nov/2018:17:29:00 +0000] "POST /getRTickets HTTP/1.1" 200 -
::1 - - [02/Nov/2018:17:33:36 +0000] "POST /islogined HTTP/1.1" 200 54
::1 - - [02/Nov/2018:17:33:36 +0000] "POST /getRTickets HTTP/1.1" 200 -
::1 - - [02/Nov/2018:17:41:11 +0000] "POST /islogined HTTP/1.1" 200 54
::1 - - [02/Nov/2018:17:41:11 +0000] "POST /getRTickets HTTP/1.1" 200 -
::1 - - [02/Nov/2018:17:43:09 +0000] "POST /islogined HTTP/1.1" 200 54
::1 - - [02/Nov/2018:17:43:09 +0000] "POST /getRTickets HTTP/1.1" 200 -
::1 - - [02/Nov/2018:17:45:39 +0000] "POST /islogined HTTP/1.1" 200 54
::1 - - [02/Nov/2018:17:45:39 +0000] "POST /getRTickets HTTP/1.1" 200 -
::1 - - [02/Nov/2018:17:46:54 +0000] "POST /islogined HTTP/1.1" 200 54
::1 - - [02/Nov/2018:17:46:54 +0000] "POST /getRTickets HTTP/1.1" 200 -
::1 - - [02/Nov/2018:17:49:37 +0000] "POST /islogined HTTP/1.1" 200 54
::1 - - [02/Nov/2018:17:49:37 +0000] "POST /getRTickets HTTP/1.1" 200 -
::1 - - [02/Nov/2018:17:51:15 +0000] "POST /islogined HTTP/1.1" 200 54
::1 - - [02/Nov/2018:17:51:15 +0000] "POST /getRTickets HTTP/1.1" 200 -
::1 - - [02/Nov/2018:17:53:23 +0000] "POST /islogined HTTP/1.1" 200 54
::1 - - [02/Nov/2018:17:53:23 +0000] "POST /getRTickets HTTP/1.1" 200 -
::1 - - [02/Nov/2018:17:53:56 +0000] "POST /islogined HTTP/1.1" 200 54
::1 - - [02/Nov/2018:17:53:57 +0000] "POST /getRTickets HTTP/1.1" 200 -
::1 - - [02/Nov/2018:17:54:24 +0000] "POST /islogined HTTP/1.1" 200 54
::1 - - [02/Nov/2018:17:54:24 +0000] "POST /getRTickets HTTP/1.1" 200 -
::1 - - [02/Nov/2018:17:54:49 +0000] "POST /islogined HTTP/1.1" 200 54
::1 - - [02/Nov/2018:17:54:49 +0000] "POST /getRTickets HTTP/1.1" 200 -
::1 - - [02/Nov/2018:17:55:13 +0000] "POST /islogined HTTP/1.1" 200 54
::1 - - [02/Nov/2018:17:55:13 +0000] "POST /getRTickets HTTP/1.1" 200 -
::1 - - [02/Nov/2018:17:55:39 +0000] "POST /islogined HTTP/1.1" 200 54
::1 - - [02/Nov/2018:17:55:39 +0000] "POST /getRTickets HTTP/1.1" 200 -
::1 - - [04/Nov/2018:03:21:09 +0000] "POST /islogined HTTP/1.1" 200 56
::1 - - [04/Nov/2018:03:21:48 +0000] "POST /login HTTP/1.1" 200 280
::1 - - [04/Nov/2018:03:21:48 +0000] "POST /getUsers HTTP/1.1" 200 202
::1 - - [04/Nov/2018:03:21:49 +0000] "POST /getTickets HTTP/1.1" 200 592
::1 - - [04/Nov/2018:03:21:54 +0000] "POST /getTicketTypes HTTP/1.1" 200 461
::1 - - [04/Nov/2018:03:40:27 +0000] "POST /islogined HTTP/1.1" 200 54
::1 - - [04/Nov/2018:03:40:27 +0000] "POST /getTicketTypes HTTP/1.1" 200 461
::1 - - [04/Nov/2018:03:40:48 +0000] "POST /islogined HTTP/1.1" 200 54
::1 - - [04/Nov/2018:03:40:48 +0000] "POST /getTicketTypes HTTP/1.1" 200 461
::1 - - [04/Nov/2018:03:44:53 +0000] "POST /islogined HTTP/1.1" 200 54
::1 - - [04/Nov/2018:03:44:53 +0000] "POST /getTicketTypes HTTP/1.1" 200 461
::1 - - [04/Nov/2018:03:47:31 +0000] "POST /islogined HTTP/1.1" 200 54
::1 - - [04/Nov/2018:03:47:31 +0000] "POST /getTicketTypes HTTP/1.1" 200 461
::1 - - [04/Nov/2018:03:49:57 +0000] "POST /islogined HTTP/1.1" 200 54
::1 - - [04/Nov/2018:03:49:57 +0000] "POST /getTicketTypes HTTP/1.1" 200 461
::1 - - [04/Nov/2018:03:53:04 +0000] "POST /islogined HTTP/1.1" 200 54
::1 - - [04/Nov/2018:03:53:04 +0000] "POST /getTicketTypes HTTP/1.1" 200 461
::1 - - [04/Nov/2018:03:53:37 +0000] "POST /addUpdateTicket HTTP/1.1" 200 56
::1 - - [04/Nov/2018:03:55:58 +0000] "POST /islogined HTTP/1.1" 200 54
::1 - - [04/Nov/2018:03:56:15 +0000] "POST /getTicketTypes HTTP/1.1" 200 461
::1 - - [04/Nov/2018:03:56:26 +0000] "POST /islogined HTTP/1.1" 200 54
::1 - - [04/Nov/2018:03:56:26 +0000] "POST /getTicketTypes HTTP/1.1" 200 461
::1 - - [04/Nov/2018:03:56:51 +0000] "POST /addUpdateTicket HTTP/1.1" 200 56
::1 - - [04/Nov/2018:04:11:19 +0000] "POST /islogined HTTP/1.1" 200 54
::1 - - [04/Nov/2018:04:11:26 +0000] "POST /getTicketTypes HTTP/1.1" 200 461
::1 - - [04/Nov/2018:04:11:49 +0000] "POST /addUpdateTicket HTTP/1.1" 200 56
::1 - - [04/Nov/2018:04:12:51 +0000] "POST /getTicketTypes HTTP/1.1" 200 461
::1 - - [04/Nov/2018:04:13:13 +0000] "POST /addUpdateTicket HTTP/1.1" 500 235
::1 - - [04/Nov/2018:04:15:22 +0000] "POST /addUpdateTicket HTTP/1.1" 200 189
::1 - - [04/Nov/2018:04:15:22 +0000] "POST /getUsers HTTP/1.1" 200 202
::1 - - [04/Nov/2018:04:15:23 +0000] "POST /getTickets HTTP/1.1" 200 713
::1 - - [04/Nov/2018:04:32:15 +0000] "POST /getTicketTypes HTTP/1.1" 200 461
::1 - - [04/Nov/2018:04:33:06 +0000] "POST /islogined HTTP/1.1" 200 54
::1 - - [04/Nov/2018:04:33:06 +0000] "POST /getTicketTypes HTTP/1.1" 200 461
::1 - - [04/Nov/2018:04:33:56 +0000] "POST /addUpdateTicket HTTP/1.1" - -
::1 - - [04/Nov/2018:04:34:35 +0000] "POST /addUpdateTicket HTTP/1.1" - -
::1 - - [04/Nov/2018:04:34:56 +0000] "POST /addUpdateTicket HTTP/1.1" - -
::1 - - [04/Nov/2018:04:35:33 +0000] "POST /addUpdateTicket HTTP/1.1" - -
::1 - - [04/Nov/2018:05:41:14 +0000] "POST /islogined HTTP/1.1" 200 54
::1 - - [04/Nov/2018:05:41:14 +0000] "POST /getTicketTypes HTTP/1.1" 200 461
::1 - - [04/Nov/2018:05:44:17 +0000] "POST /addUpdateTicket HTTP/1.1" 200 189
::1 - - [04/Nov/2018:05:44:18 +0000] "POST /getUsers HTTP/1.1" 200 202
::1 - - [04/Nov/2018:05:44:19 +0000] "POST /getTickets HTTP/1.1" 200 849
::1 - - [04/Nov/2018:05:45:26 +0000] "POST /getTicketTypes HTTP/1.1" 200 461
::1 - - [04/Nov/2018:05:45:44 +0000] "POST /islogined HTTP/1.1" 200 54
::1 - - [04/Nov/2018:05:45:44 +0000] "POST /getTicketTypes HTTP/1.1" 200 461
::1 - - [04/Nov/2018:05:46:27 +0000] "POST /islogined HTTP/1.1" 200 54
::1 - - [04/Nov/2018:05:46:27 +0000] "POST /getTicketTypes HTTP/1.1" 200 461
::1 - - [04/Nov/2018:05:46:27 +0000] "POST /getTicket HTTP/1.1" 200 395
::1 - - [04/Nov/2018:05:47:12 +0000] "POST /addUpdateTicket HTTP/1.1" 200 190
::1 - - [04/Nov/2018:05:47:12 +0000] "POST /getUsers HTTP/1.1" 200 202
::1 - - [04/Nov/2018:05:47:12 +0000] "POST /getTickets HTTP/1.1" 200 849
::1 - - [04/Nov/2018:05:48:31 +0000] "POST /getTicketTypes HTTP/1.1" 200 461
::1 - - [04/Nov/2018:05:48:31 +0000] "POST /getTicket HTTP/1.1" 200 414
::1 - - [04/Nov/2018:05:50:22 +0000] "POST /islogined HTTP/1.1" 200 54
::1 - - [04/Nov/2018:05:50:22 +0000] "POST /getTicketTypes HTTP/1.1" 200 461
::1 - - [04/Nov/2018:05:50:22 +0000] "POST /getTicket HTTP/1.1" 200 414
::1 - - [04/Nov/2018:05:55:48 +0000] "POST /islogined HTTP/1.1" 200 54
::1 - - [04/Nov/2018:05:55:48 +0000] "POST /getTicketTypes HTTP/1.1" 200 461
::1 - - [04/Nov/2018:05:55:49 +0000] "POST /getTicket HTTP/1.1" 200 414
::1 - - [04/Nov/2018:05:55:49 +0000] "GET //uploads/tickets/Rock_Lighthouse.jpg HTTP/1.1" 200 561276
::1 - - [04/Nov/2018:05:56:42 +0000] "POST /islogined HTTP/1.1" 200 54
::1 - - [04/Nov/2018:05:56:42 +0000] "POST /getTicketTypes HTTP/1.1" 200 461
::1 - - [04/Nov/2018:05:56:42 +0000] "POST /getTicket HTTP/1.1" 200 414
::1 - - [04/Nov/2018:05:56:43 +0000] "GET //uploads/tickets/Rock_Lighthouse.jpg HTTP/1.1" 304 -
::1 - - [04/Nov/2018:06:00:47 +0000] "POST /islogined HTTP/1.1" 200 54
::1 - - [04/Nov/2018:06:00:47 +0000] "POST /getTicketTypes HTTP/1.1" 200 461
::1 - - [04/Nov/2018:06:00:47 +0000] "POST /getTicket HTTP/1.1" 200 414
::1 - - [04/Nov/2018:06:00:47 +0000] "GET //uploads/tickets/Rock_Lighthouse.jpg HTTP/1.1" 304 -
::1 - - [04/Nov/2018:06:04:12 +0000] "POST /islogined HTTP/1.1" 200 54
::1 - - [04/Nov/2018:06:04:12 +0000] "POST /getTicketTypes HTTP/1.1" 200 461
::1 - - [04/Nov/2018:06:04:12 +0000] "POST /getTicket HTTP/1.1" 200 414
::1 - - [04/Nov/2018:06:04:12 +0000] "GET //uploads/tickets/Rock_Lighthouse.jpg HTTP/1.1" 304 -
::1 - - [04/Nov/2018:06:05:20 +0000] "POST /islogined HTTP/1.1" 200 54
::1 - - [04/Nov/2018:06:05:20 +0000] "POST /getTicketTypes HTTP/1.1" 200 461
::1 - - [04/Nov/2018:06:05:20 +0000] "POST /getTicket HTTP/1.1" 200 414
::1 - - [04/Nov/2018:06:05:20 +0000] "GET //uploads/tickets/Rock_Lighthouse.jpg HTTP/1.1" 304 -
::1 - - [04/Nov/2018:06:06:03 +0000] "POST /islogined HTTP/1.1" 200 54
::1 - - [04/Nov/2018:06:06:03 +0000] "POST /getTicketTypes HTTP/1.1" 200 461
::1 - - [04/Nov/2018:06:06:03 +0000] "POST /getTicket HTTP/1.1" 200 414
::1 - - [04/Nov/2018:06:06:03 +0000] "GET //uploads/tickets/Rock_Lighthouse.jpg HTTP/1.1" 304 -
::1 - - [04/Nov/2018:06:06:35 +0000] "POST /addUpdateTicket HTTP/1.1" 200 190
::1 - - [04/Nov/2018:06:06:36 +0000] "POST /getUsers HTTP/1.1" 200 202
::1 - - [04/Nov/2018:06:06:36 +0000] "POST /getTickets HTTP/1.1" 200 849
::1 - - [04/Nov/2018:06:06:51 +0000] "POST /getTicketTypes HTTP/1.1" 200 461
::1 - - [04/Nov/2018:06:06:51 +0000] "POST /getTicket HTTP/1.1" 200 412
::1 - - [04/Nov/2018:06:06:51 +0000] "GET //uploads/tickets/Rock_Penguins.jpg HTTP/1.1" 200 777835
::1 - - [04/Nov/2018:06:06:56 +0000] "POST /getUsers HTTP/1.1" 200 202
::1 - - [04/Nov/2018:06:06:56 +0000] "POST /getTickets HTTP/1.1" 200 849
::1 - - [04/Nov/2018:06:07:08 +0000] "POST /getTicketTypes HTTP/1.1" 200 461
::1 - - [04/Nov/2018:06:07:37 +0000] "POST /addUpdateTicket HTTP/1.1" 200 189
::1 - - [04/Nov/2018:06:07:37 +0000] "POST /getUsers HTTP/1.1" 200 202
::1 - - [04/Nov/2018:06:07:37 +0000] "POST /getTickets HTTP/1.1" 200 971
::1 - - [04/Nov/2018:06:07:47 +0000] "POST /getTicketTypes HTTP/1.1" 200 461
::1 - - [04/Nov/2018:06:07:47 +0000] "POST /getTicket HTTP/1.1" 200 368
::1 - - [04/Nov/2018:06:07:47 +0000] "GET //uploads/tickets/Rock_Jellyfish.jpg HTTP/1.1" 200 775702
::1 - - [04/Nov/2018:06:09:04 +0000] "POST /addUpdateTicket HTTP/1.1" 200 190
::1 - - [04/Nov/2018:06:09:04 +0000] "POST /getUsers HTTP/1.1" 200 202
::1 - - [04/Nov/2018:06:09:04 +0000] "POST /getTickets HTTP/1.1" 200 980
::1 - - [04/Nov/2018:06:09:13 +0000] "POST /getTicketTypes HTTP/1.1" 200 461
::1 - - [04/Nov/2018:06:09:13 +0000] "POST /getTicket HTTP/1.1" 200 400
::1 - - [04/Nov/2018:06:09:31 +0000] "POST /getUsers HTTP/1.1" 200 202
::1 - - [04/Nov/2018:06:09:31 +0000] "POST /getTickets HTTP/1.1" 200 980
::1 - - [04/Nov/2018:06:09:38 +0000] "POST /getTicketTypes HTTP/1.1" 200 461
::1 - - [04/Nov/2018:06:09:38 +0000] "POST /getTicket HTTP/1.1" 200 400
::1 - - [04/Nov/2018:06:09:41 +0000] "POST /getUsers HTTP/1.1" 200 202
::1 - - [04/Nov/2018:06:09:41 +0000] "POST /getTickets HTTP/1.1" 200 980
::1 - - [04/Nov/2018:06:09:42 +0000] "POST /getTicketTypes HTTP/1.1" 200 461
::1 - - [04/Nov/2018:06:10:00 +0000] "POST /addUpdateTicket HTTP/1.1" 200 189
::1 - - [04/Nov/2018:06:10:01 +0000] "POST /getUsers HTTP/1.1" 200 202
::1 - - [04/Nov/2018:06:10:01 +0000] "POST /getTickets HTTP/1.1" 200 -
::1 - - [04/Nov/2018:06:10:41 +0000] "POST /getTicketTypes HTTP/1.1" 200 461
::1 - - [04/Nov/2018:06:10:41 +0000] "POST /getTicket HTTP/1.1" 200 400
::1 - - [04/Nov/2018:06:10:43 +0000] "POST /getUsers HTTP/1.1" 200 202
::1 - - [04/Nov/2018:06:10:43 +0000] "POST /getTickets HTTP/1.1" 200 -
::1 - - [04/Nov/2018:06:10:44 +0000] "POST /getTicketTypes HTTP/1.1" 200 461
::1 - - [04/Nov/2018:06:10:44 +0000] "POST /getTicket HTTP/1.1" 200 412
::1 - - [04/Nov/2018:06:10:44 +0000] "GET //uploads/tickets/Rock_Penguins.jpg HTTP/1.1" 304 -
::1 - - [04/Nov/2018:06:10:47 +0000] "POST /getUsers HTTP/1.1" 200 202
::1 - - [04/Nov/2018:06:10:47 +0000] "POST /getTickets HTTP/1.1" 200 -
::1 - - [04/Nov/2018:06:10:48 +0000] "POST /getTicketTypes HTTP/1.1" 200 461
::1 - - [04/Nov/2018:06:10:48 +0000] "POST /getTicket HTTP/1.1" 200 357
::1 - - [04/Nov/2018:06:10:48 +0000] "GET //uploads/tickets/Desert.jpg HTTP/1.1" 500 14
::1 - - [04/Nov/2018:06:11:05 +0000] "POST /getUsers HTTP/1.1" 200 202
::1 - - [04/Nov/2018:06:11:05 +0000] "POST /getTickets HTTP/1.1" 200 -
::1 - - [04/Nov/2018:06:11:08 +0000] "POST /getTicketTypes HTTP/1.1" 200 461
::1 - - [04/Nov/2018:06:11:08 +0000] "POST /getTicket HTTP/1.1" 200 418
::1 - - [04/Nov/2018:06:11:08 +0000] "GET //uploads/tickets/ HTTP/1.1" 500 14
::1 - - [04/Nov/2018:06:12:22 +0000] "POST /islogined HTTP/1.1" 200 54
::1 - - [04/Nov/2018:06:12:22 +0000] "POST /getTicketTypes HTTP/1.1" 200 461
::1 - - [04/Nov/2018:06:12:22 +0000] "POST /getTicket HTTP/1.1" 200 418
::1 - - [04/Nov/2018:06:12:26 +0000] "POST /getUsers HTTP/1.1" 200 202
::1 - - [04/Nov/2018:06:12:26 +0000] "POST /getTickets HTTP/1.1" 200 -
::1 - - [04/Nov/2018:06:12:28 +0000] "POST /getTicketTypes HTTP/1.1" 200 461
::1 - - [04/Nov/2018:06:12:28 +0000] "POST /getTicket HTTP/1.1" 200 357
::1 - - [04/Nov/2018:06:12:28 +0000] "GET //uploads/tickets/Desert.jpg HTTP/1.1" 500 14
::1 - - [04/Nov/2018:06:12:30 +0000] "POST /getUsers HTTP/1.1" 200 202
::1 - - [04/Nov/2018:06:12:30 +0000] "POST /getTickets HTTP/1.1" 200 -
::1 - - [04/Nov/2018:06:12:31 +0000] "POST /getTicketTypes HTTP/1.1" 200 461
::1 - - [04/Nov/2018:06:12:31 +0000] "POST /getTicket HTTP/1.1" 200 440
::1 - - [04/Nov/2018:06:12:33 +0000] "POST /getUsers HTTP/1.1" 200 202
::1 - - [04/Nov/2018:06:12:33 +0000] "POST /getTickets HTTP/1.1" 200 -
::1 - - [04/Nov/2018:06:12:35 +0000] "POST /getTicketTypes HTTP/1.1" 200 461
::1 - - [04/Nov/2018:06:12:35 +0000] "POST /getTicket HTTP/1.1" 200 357
::1 - - [04/Nov/2018:06:12:35 +0000] "GET //uploads/tickets/Desert.jpg HTTP/1.1" 500 14
::1 - - [04/Nov/2018:06:12:40 +0000] "POST /addUpdateTicket HTTP/1.1" 200 190
::1 - - [04/Nov/2018:06:12:41 +0000] "POST /getUsers HTTP/1.1" 200 202
::1 - - [04/Nov/2018:06:12:41 +0000] "POST /getTickets HTTP/1.1" 200 -
::1 - - [04/Nov/2018:06:13:50 +0000] "POST /islogined HTTP/1.1" 200 54
::1 - - [04/Nov/2018:06:13:50 +0000] "POST /getUsers HTTP/1.1" 200 202
::1 - - [04/Nov/2018:06:13:50 +0000] "POST /getTickets HTTP/1.1" 200 -
::1 - - [04/Nov/2018:06:13:53 +0000] "POST /getTicketTypes HTTP/1.1" 200 461
::1 - - [04/Nov/2018:06:13:53 +0000] "POST /getTicket HTTP/1.1" 200 400
::1 - - [04/Nov/2018:06:13:53 +0000] "GET //uploads/tickets/Rock_Jellyfish.jpg HTTP/1.1" 304 -
::1 - - [04/Nov/2018:06:15:10 +0000] "POST /islogined HTTP/1.1" 200 54
::1 - - [04/Nov/2018:06:15:10 +0000] "POST /getTicketTypes HTTP/1.1" 200 461
::1 - - [04/Nov/2018:06:15:10 +0000] "POST /getTicket HTTP/1.1" 200 400
::1 - - [04/Nov/2018:06:15:11 +0000] "GET //uploads/tickets/Rock_Jellyfish.jpg HTTP/1.1" 304 -
::1 - - [04/Nov/2018:06:15:25 +0000] "POST /addUpdateTicket HTTP/1.1" 200 190
::1 - - [04/Nov/2018:06:15:25 +0000] "POST /getUsers HTTP/1.1" 200 202
::1 - - [04/Nov/2018:06:15:25 +0000] "POST /getTickets HTTP/1.1" 200 -
::1 - - [04/Nov/2018:06:15:28 +0000] "POST /getTicketTypes HTTP/1.1" 200 461
::1 - - [04/Nov/2018:06:15:28 +0000] "POST /getTicket HTTP/1.1" 200 413
::1 - - [04/Nov/2018:06:15:28 +0000] "GET //uploads/tickets/1541312125239_Chrysanthemum.jpg HTTP/1.1" 200 879394
::1 - - [04/Nov/2018:06:16:40 +0000] "POST /getUsers HTTP/1.1" 200 202
::1 - - [04/Nov/2018:06:16:40 +0000] "POST /getTickets HTTP/1.1" 200 -
::1 - - [04/Nov/2018:06:16:44 +0000] "POST /deleteTicket HTTP/1.1" 200 191
::1 - - [04/Nov/2018:06:16:44 +0000] "POST /getTickets HTTP/1.1" 200 975
::1 - - [04/Nov/2018:06:16:46 +0000] "POST /deleteTicket HTTP/1.1" 200 191
::1 - - [04/Nov/2018:06:16:46 +0000] "POST /getTickets HTTP/1.1" 200 849
::1 - - [04/Nov/2018:06:16:57 +0000] "POST /getRTickets HTTP/1.1" 200 -
::1 - - [04/Nov/2018:06:17:37 +0000] "POST /getUsers HTTP/1.1" 200 202
::1 - - [04/Nov/2018:06:17:37 +0000] "POST /getTickets HTTP/1.1" 200 849
::1 - - [04/Nov/2018:06:17:52 +0000] "POST /getRTickets HTTP/1.1" 200 -
::1 - - [04/Nov/2018:06:17:56 +0000] "POST /getUsers HTTP/1.1" 200 202
::1 - - [04/Nov/2018:06:17:56 +0000] "POST /getTickets HTTP/1.1" 200 849
::1 - - [04/Nov/2018:06:18:10 +0000] "POST /login HTTP/1.1" 200 281
::1 - - [04/Nov/2018:06:18:10 +0000] "POST /getUsers HTTP/1.1" 200 202
::1 - - [04/Nov/2018:06:18:10 +0000] "POST /getTickets HTTP/1.1" 200 739
::1 - - [04/Nov/2018:06:18:14 +0000] "POST /getTicketTypes HTTP/1.1" 200 461
::1 - - [04/Nov/2018:06:18:14 +0000] "POST /getTicket HTTP/1.1" 200 422
::1 - - [04/Nov/2018:06:18:20 +0000] "POST /addUpdateTicket HTTP/1.1" 200 190
::1 - - [04/Nov/2018:06:18:20 +0000] "POST /getUsers HTTP/1.1" 200 202
::1 - - [04/Nov/2018:06:18:20 +0000] "POST /getTickets HTTP/1.1" 200 739
::1 - - [04/Nov/2018:06:18:22 +0000] "POST /getTicketTypes HTTP/1.1" 200 461
::1 - - [04/Nov/2018:06:18:22 +0000] "POST /getTicket HTTP/1.1" 200 516
::1 - - [04/Nov/2018:06:18:31 +0000] "POST /addUpdateTicket HTTP/1.1" 200 190
::1 - - [04/Nov/2018:06:18:31 +0000] "POST /getUsers HTTP/1.1" 200 202
::1 - - [04/Nov/2018:06:18:31 +0000] "POST /getTickets HTTP/1.1" 200 739
::1 - - [04/Nov/2018:06:18:38 +0000] "POST /getTicketTypes HTTP/1.1" 200 461
::1 - - [04/Nov/2018:06:18:38 +0000] "POST /getTicket HTTP/1.1" 200 540
::1 - - [04/Nov/2018:06:18:38 +0000] "GET //uploads/tickets/1541312311443_Desert.jpg HTTP/1.1" 200 845941
::1 - - [04/Nov/2018:06:19:04 +0000] "POST /login HTTP/1.1" 200 65
::1 - - [04/Nov/2018:06:19:16 +0000] "POST /login HTTP/1.1" 200 290
::1 - - [04/Nov/2018:06:19:16 +0000] "POST /getUsers HTTP/1.1" 200 202
::1 - - [04/Nov/2018:06:19:16 +0000] "POST /getTickets HTTP/1.1" 200 326
::1 - - [04/Nov/2018:06:19:20 +0000] "POST /getRTickets HTTP/1.1" 200 -
::1 - - [04/Nov/2018:06:21:08 +0000] "POST /islogined HTTP/1.1" 200 54
::1 - - [04/Nov/2018:06:21:08 +0000] "POST /getRTickets HTTP/1.1" 200 -
::1 - - [04/Nov/2018:06:23:55 +0000] "POST /islogined HTTP/1.1" 200 54
::1 - - [04/Nov/2018:06:23:55 +0000] "POST /getRTickets HTTP/1.1" 200 -
::1 - - [04/Nov/2018:06:24:32 +0000] "POST /islogined HTTP/1.1" 200 54
::1 - - [04/Nov/2018:06:24:32 +0000] "POST /getRTickets HTTP/1.1" 200 -
::1 - - [04/Nov/2018:06:24:35 +0000] "GET //uploads/tickets/Rock_Penguins.jpg HTTP/1.1" 304 -
::1 - - [04/Nov/2018:06:24:48 +0000] "GET //uploads/tickets/Rock_Tulips.jpg HTTP/1.1" 200 620888
::1 - - [04/Nov/2018:06:25:57 +0000] "POST /islogined HTTP/1.1" 200 54
::1 - - [04/Nov/2018:06:25:57 +0000] "POST /getRTickets HTTP/1.1" 200 -
::1 - - [04/Nov/2018:06:25:59 +0000] "GET //uploads/tickets/Rock_Penguins.jpg HTTP/1.1" 304 -
::1 - - [04/Nov/2018:06:26:07 +0000] "GET //uploads/tickets/Rock_Tulips.jpg HTTP/1.1" 304 -
::1 - - [04/Nov/2018:06:26:14 +0000] "GET //images/no_preview.jpg HTTP/1.1" 500 14
::1 - - [04/Nov/2018:06:26:21 +0000] "GET //uploads/tickets/1541312311443_Desert.jpg HTTP/1.1" 304 -
::1 - - [04/Nov/2018:06:26:36 +0000] "GET //images/no_preview.jpg HTTP/1.1" 500 14
::1 - - [04/Nov/2018:06:26:50 +0000] "GET /images/no_preview.jpg HTTP/1.1" 500 14
::1 - - [04/Nov/2018:06:27:34 +0000] "GET / HTTP/1.1" 200 179
::1 - - [04/Nov/2018:06:27:34 +0000] "GET /stylesheets/style.css HTTP/1.1" 200 119
::1 - - [04/Nov/2018:06:27:34 +0000] "GET /favicon.ico HTTP/1.1" 500 14
::1 - - [04/Nov/2018:06:27:44 +0000] "GET /images/no-preview.jpg HTTP/1.1" 200 11696
::1 - - [04/Nov/2018:06:27:45 +0000] "GET /favicon.ico HTTP/1.1" 500 14
::1 - - [04/Nov/2018:06:28:01 +0000] "GET /images/no_preview.jpg HTTP/1.1" 500 14
::1 - - [04/Nov/2018:06:28:01 +0000] "GET /favicon.ico HTTP/1.1" 500 14
::1 - - [04/Nov/2018:06:28:26 +0000] "POST /islogined HTTP/1.1" 200 54
::1 - - [04/Nov/2018:06:28:26 +0000] "POST /getRTickets HTTP/1.1" 200 -
::1 - - [04/Nov/2018:06:28:28 +0000] "GET //uploads/tickets/Rock_Tulips.jpg HTTP/1.1" 304 -
::1 - - [04/Nov/2018:06:28:31 +0000] "GET //images/no-preview.jpg HTTP/1.1" 200 11696
::1 - - [04/Nov/2018:06:29:10 +0000] "GET //uploads/tickets/Rock_Tulips.jpg HTTP/1.1" 304 -
::1 - - [04/Nov/2018:06:29:56 +0000] "POST /islogined HTTP/1.1" 200 54
::1 - - [04/Nov/2018:06:29:56 +0000] "POST /getRTickets HTTP/1.1" 200 -
::1 - - [04/Nov/2018:06:30:12 +0000] "POST /getUsers HTTP/1.1" 200 202
::1 - - [04/Nov/2018:06:30:12 +0000] "POST /getTickets HTTP/1.1" 200 326
::1 - - [04/Nov/2018:06:30:13 +0000] "POST /getRTickets HTTP/1.1" 200 -
::1 - - [04/Nov/2018:06:35:18 +0000] "POST /islogined HTTP/1.1" 200 54
::1 - - [04/Nov/2018:06:38:57 +0000] "POST /islogined HTTP/1.1" 200 54
::1 - - [04/Nov/2018:06:39:13 +0000] "POST /islogined HTTP/1.1" 200 54
::1 - - [04/Nov/2018:06:40:05 +0000] "POST /islogined HTTP/1.1" 200 54
::1 - - [04/Nov/2018:06:40:19 +0000] "POST /getUsers HTTP/1.1" 200 202
::1 - - [04/Nov/2018:06:40:19 +0000] "POST /getTickets HTTP/1.1" 200 326
::1 - - [04/Nov/2018:06:41:53 +0000] "POST /getRTickets HTTP/1.1" 200 -
::1 - - [04/Nov/2018:06:43:14 +0000] "POST /islogined HTTP/1.1" 200 54
::1 - - [04/Nov/2018:06:43:14 +0000] "POST /getRTickets HTTP/1.1" 200 -
::1 - - [04/Nov/2018:06:46:38 +0000] "POST /islogined HTTP/1.1" 200 54
::1 - - [04/Nov/2018:06:46:38 +0000] "POST /getRTickets HTTP/1.1" 200 -
::1 - - [04/Nov/2018:06:47:54 +0000] "POST /islogined HTTP/1.1" 200 54
::1 - - [04/Nov/2018:06:48:03 +0000] "POST /getUsers HTTP/1.1" 200 202
::1 - - [04/Nov/2018:06:48:03 +0000] "POST /getTickets HTTP/1.1" 200 326
::1 - - [04/Nov/2018:06:48:08 +0000] "POST /getRTickets HTTP/1.1" 200 -
::1 - - [04/Nov/2018:06:48:23 +0000] "POST /islogined HTTP/1.1" 200 54
::1 - - [04/Nov/2018:06:52:38 +0000] "POST /islogined HTTP/1.1" 200 54
::1 - - [04/Nov/2018:06:55:22 +0000] "POST /islogined HTTP/1.1" 200 54
::1 - - [04/Nov/2018:06:55:28 +0000] "POST /getUsers HTTP/1.1" 200 202
::1 - - [04/Nov/2018:06:55:28 +0000] "POST /getTickets HTTP/1.1" 200 326
::1 - - [04/Nov/2018:06:55:32 +0000] "POST /getRTickets HTTP/1.1" 200 -
::1 - - [04/Nov/2018:06:56:45 +0000] "POST /islogined HTTP/1.1" 200 54
::1 - - [04/Nov/2018:06:57:26 +0000] "POST /islogined HTTP/1.1" 200 54
::1 - - [04/Nov/2018:06:58:40 +0000] "POST /islogined HTTP/1.1" 200 54
::1 - - [04/Nov/2018:06:58:44 +0000] "POST /getUsers HTTP/1.1" 200 202
::1 - - [04/Nov/2018:06:58:44 +0000] "POST /getTickets HTTP/1.1" 200 326
::1 - - [04/Nov/2018:06:58:45 +0000] "POST /getRTickets HTTP/1.1" 200 -
::1 - - [04/Nov/2018:07:00:02 +0000] "POST /islogined HTTP/1.1" 200 54
::1 - - [04/Nov/2018:07:00:09 +0000] "POST /getUsers HTTP/1.1" 200 202
::1 - - [04/Nov/2018:07:00:09 +0000] "POST /getTickets HTTP/1.1" 200 326
::1 - - [04/Nov/2018:07:00:14 +0000] "POST /getRTickets HTTP/1.1" 200 -
::1 - - [05/Nov/2018:09:30:42 +0000] "POST /islogined HTTP/1.1" 200 56
::1 - - [05/Nov/2018:09:31:17 +0000] "POST /login HTTP/1.1" 200 290
::1 - - [05/Nov/2018:09:31:18 +0000] "POST /getUsers HTTP/1.1" 200 202
::1 - - [05/Nov/2018:09:31:18 +0000] "POST /getTickets HTTP/1.1" 200 326
::1 - - [05/Nov/2018:09:31:23 +0000] "POST /getRTickets HTTP/1.1" 200 -
::1 - - [05/Nov/2018:09:31:26 +0000] "GET //images/no-preview.jpg HTTP/1.1" 200 11696
::1 - - [05/Nov/2018:09:31:29 +0000] "GET //uploads/tickets/Rock_Penguins.jpg HTTP/1.1" 200 777835
::1 - - [05/Nov/2018:09:32:03 +0000] "POST /getUsers HTTP/1.1" 200 202
::1 - - [05/Nov/2018:09:32:03 +0000] "POST /getTickets HTTP/1.1" 200 326
::1 - - [05/Nov/2018:09:32:09 +0000] "POST /getRTickets HTTP/1.1" 200 -
::1 - - [05/Nov/2018:09:32:35 +0000] "POST /getUsers HTTP/1.1" 200 202
::1 - - [05/Nov/2018:09:32:35 +0000] "POST /getTickets HTTP/1.1" 200 326
::1 - - [05/Nov/2018:09:32:37 +0000] "POST /getTicketTypes HTTP/1.1" 200 461
::1 - - [05/Nov/2018:09:32:37 +0000] "POST /getTicket HTTP/1.1" 200 479
::1 - - [05/Nov/2018:09:32:56 +0000] "POST /addUpdateTicket HTTP/1.1" 200 190
::1 - - [05/Nov/2018:09:32:56 +0000] "POST /getUsers HTTP/1.1" 200 202
::1 - - [05/Nov/2018:09:32:56 +0000] "POST /getTickets HTTP/1.1" 200 326
::1 - - [05/Nov/2018:09:33:03 +0000] "POST /getTicketTypes HTTP/1.1" 200 461
::1 - - [05/Nov/2018:09:33:03 +0000] "POST /getTicket HTTP/1.1" 200 507
::1 - - [05/Nov/2018:09:33:03 +0000] "GET //uploads/tickets/1541410376574_screenshot.png HTTP/1.1" 200 69835
::1 - - [05/Nov/2018:09:33:05 +0000] "POST /getRTickets HTTP/1.1" 200 -
::1 - - [05/Nov/2018:09:33:11 +0000] "GET //uploads/tickets/Rock_Penguins.jpg HTTP/1.1" 304 -
::1 - - [05/Nov/2018:09:50:07 +0000] "POST /islogined HTTP/1.1" 200 54
::1 - - [05/Nov/2018:09:50:07 +0000] "POST /getRTickets HTTP/1.1" 200 -
::1 - - [05/Nov/2018:09:51:12 +0000] "POST /islogined HTTP/1.1" 200 54
::1 - - [05/Nov/2018:09:51:46 +0000] "POST /getUsers HTTP/1.1" 200 202
::1 - - [05/Nov/2018:09:51:46 +0000] "POST /getTickets HTTP/1.1" 200 326
::1 - - [05/Nov/2018:09:53:06 +0000] "POST /islogined HTTP/1.1" 200 54
::1 - - [05/Nov/2018:09:53:06 +0000] "POST /getUsers HTTP/1.1" 200 202
::1 - - [05/Nov/2018:09:53:06 +0000] "POST /getTickets HTTP/1.1" 200 326
::1 - - [05/Nov/2018:09:55:06 +0000] "POST /islogined HTTP/1.1" 200 54
::1 - - [05/Nov/2018:10:02:30 +0000] "POST /islogined HTTP/1.1" 200 54
::1 - - [05/Nov/2018:10:02:56 +0000] "POST /islogined HTTP/1.1" 200 54
::1 - - [05/Nov/2018:10:33:31 +0000] "POST /islogined HTTP/1.1" 200 54
::1 - - [05/Nov/2018:10:57:55 +0000] "POST /islogined HTTP/1.1" 200 54
::1 - - [05/Nov/2018:10:58:19 +0000] "POST /islogined HTTP/1.1" 200 54
::1 - - [05/Nov/2018:10:59:31 +0000] "POST /islogined HTTP/1.1" 200 54
::1 - - [05/Nov/2018:11:25:57 +0000] "POST /islogined HTTP/1.1" 200 54
::1 - - [05/Nov/2018:11:26:30 +0000] "POST /islogined HTTP/1.1" 200 54
::1 - - [05/Nov/2018:11:26:30 +0000] "POST /getDashboardData HTTP/1.1" 200 455
::1 - - [05/Nov/2018:11:30:34 +0000] "POST /islogined HTTP/1.1" 200 54
::1 - - [05/Nov/2018:11:42:24 +0000] "POST /islogined HTTP/1.1" 200 54
::1 - - [05/Nov/2018:11:53:46 +0000] "POST /islogined HTTP/1.1" 200 54
::1 - - [05/Nov/2018:12:57:45 +0000] "POST /islogined HTTP/1.1" 200 54
::1 - - [05/Nov/2018:13:03:44 +0000] "POST /islogined HTTP/1.1" 200 54
::1 - - [05/Nov/2018:13:03:53 +0000] "POST /getDashboardData HTTP/1.1" 200 414
::1 - - [05/Nov/2018:13:04:39 +0000] "POST /islogined HTTP/1.1" 200 54
::1 - - [05/Nov/2018:13:05:38 +0000] "POST /getDashboardData HTTP/1.1" 200 414
::1 - - [05/Nov/2018:13:05:53 +0000] "POST /islogined HTTP/1.1" 200 54
::1 - - [05/Nov/2018:13:06:23 +0000] "POST /getDashboardData HTTP/1.1" 200 414
::1 - - [05/Nov/2018:13:20:01 +0000] "POST /islogined HTTP/1.1" 200 54
::1 - - [05/Nov/2018:13:20:07 +0000] "POST /getDashboardData HTTP/1.1" 200 413
::1 - - [05/Nov/2018:13:20:37 +0000] "POST /islogined HTTP/1.1" 200 54
::1 - - [05/Nov/2018:13:20:37 +0000] "POST /getDashboardData HTTP/1.1" 200 413
::1 - - [05/Nov/2018:13:21:29 +0000] "POST /islogined HTTP/1.1" 200 54
::1 - - [05/Nov/2018:13:21:29 +0000] "POST /getDashboardData HTTP/1.1" 200 413
::1 - - [06/Nov/2018:07:51:20 +0000] "POST /islogined HTTP/1.1" 200 56
::1 - - [06/Nov/2018:07:51:44 +0000] "POST /login HTTP/1.1" 200 281
::1 - - [06/Nov/2018:07:51:45 +0000] "POST /getUsers HTTP/1.1" 200 202
::1 - - [06/Nov/2018:07:51:45 +0000] "POST /getTickets HTTP/1.1" 200 739
::1 - - [06/Nov/2018:07:51:49 +0000] "POST /getDashboardData HTTP/1.1" 200 413
::1 - - [06/Nov/2018:07:52:58 +0000] "POST /login HTTP/1.1" 200 65
::1 - - [06/Nov/2018:07:53:08 +0000] "POST /login HTTP/1.1" 200 290
::1 - - [06/Nov/2018:07:53:08 +0000] "POST /getUsers HTTP/1.1" 200 202
::1 - - [06/Nov/2018:07:53:08 +0000] "POST /getTickets HTTP/1.1" 200 326
::1 - - [06/Nov/2018:07:53:12 +0000] "POST /getDashboardData HTTP/1.1" 200 413
::1 - - [06/Nov/2018:08:02:56 +0000] "POST /islogined HTTP/1.1" 200 56
::1 - - [06/Nov/2018:08:03:09 +0000] "POST /islogined HTTP/1.1" 200 56
::1 - - [06/Nov/2018:08:03:43 +0000] "POST /login HTTP/1.1" 200 280
::1 - - [06/Nov/2018:08:03:43 +0000] "POST /getDashboardData HTTP/1.1" 200 413
::1 - - [06/Nov/2018:08:03:55 +0000] "POST /getUsers HTTP/1.1" 200 202
::1 - - [06/Nov/2018:08:03:55 +0000] "POST /getTickets HTTP/1.1" 200 849
::1 - - [06/Nov/2018:08:03:57 +0000] "POST /getRTickets HTTP/1.1" 200 -
::1 - - [06/Nov/2018:08:04:01 +0000] "GET //images/no-preview.jpg HTTP/1.1" 200 11696
::1 - - [06/Nov/2018:08:04:24 +0000] "POST /login HTTP/1.1" 200 290
::1 - - [06/Nov/2018:08:04:24 +0000] "POST /getDashboardData HTTP/1.1" 200 413
::1 - - [06/Nov/2018:08:04:45 +0000] "POST /islogined HTTP/1.1" 200 54
::1 - - [06/Nov/2018:08:04:45 +0000] "POST /getDashboardData HTTP/1.1" 200 413
::1 - - [06/Nov/2018:08:05:02 +0000] "POST /getUsers HTTP/1.1" 200 202
::1 - - [06/Nov/2018:08:05:02 +0000] "POST /getTickets HTTP/1.1" 200 326
::1 - - [06/Nov/2018:08:05:04 +0000] "POST /getRTickets HTTP/1.1" 200 -
::1 - - [06/Nov/2018:08:05:06 +0000] "POST /getUsers HTTP/1.1" 200 202
::1 - - [06/Nov/2018:08:05:06 +0000] "POST /getTickets HTTP/1.1" 200 326
::1 - - [06/Nov/2018:08:05:32 +0000] "POST /getTicketTypes HTTP/1.1" 200 461
::1 - - [06/Nov/2018:08:05:35 +0000] "POST /getUsers HTTP/1.1" 200 202
::1 - - [06/Nov/2018:08:05:35 +0000] "POST /getTickets HTTP/1.1" 200 326
::1 - - [06/Nov/2018:08:05:49 +0000] "POST /getTicketTypes HTTP/1.1" 200 461
::1 - - [06/Nov/2018:08:05:49 +0000] "POST /getTicket HTTP/1.1" 200 480
::1 - - [06/Nov/2018:08:06:06 +0000] "POST /getRTickets HTTP/1.1" 200 -
::1 - - [06/Nov/2018:08:06:49 +0000] "POST /getUsers HTTP/1.1" 200 202
::1 - - [06/Nov/2018:08:06:49 +0000] "POST /getTickets HTTP/1.1" 200 326
::1 - - [06/Nov/2018:08:06:51 +0000] "POST /getRTickets HTTP/1.1" 200 -
::1 - - [06/Nov/2018:08:06:52 +0000] "POST /getUsers HTTP/1.1" 200 202
::1 - - [06/Nov/2018:08:06:52 +0000] "POST /getTickets HTTP/1.1" 200 326
::1 - - [06/Nov/2018:08:06:53 +0000] "POST /getDashboardData HTTP/1.1" 200 413
::1 - - [06/Nov/2018:08:06:56 +0000] "POST /getUsers HTTP/1.1" 200 202
::1 - - [06/Nov/2018:08:06:56 +0000] "POST /getTickets HTTP/1.1" 200 326
::1 - - [06/Nov/2018:08:06:58 +0000] "POST /getRTickets HTTP/1.1" 200 -
::1 - - [06/Nov/2018:08:07:03 +0000] "GET //uploads/tickets/Rock_Penguins.jpg HTTP/1.1" 304 -
::1 - - [06/Nov/2018:08:07:14 +0000] "GET //images/no-preview.jpg HTTP/1.1" 304 -
::1 - - [06/Nov/2018:08:08:36 +0000] "POST /signup HTTP/1.1" 200 123
::1 - - [06/Nov/2018:08:08:57 +0000] "POST /login HTTP/1.1" 200 70
::1 - - [06/Nov/2018:08:09:29 +0000] "POST /islogined HTTP/1.1" 200 56
::1 - - [06/Nov/2018:08:09:29 +0000] "POST /activateAccount HTTP/1.1" 200 71
::1 - - [06/Nov/2018:08:09:36 +0000] "POST /login HTTP/1.1" 200 294
::1 - - [06/Nov/2018:08:09:37 +0000] "POST /getDashboardData HTTP/1.1" 200 413
::1 - - [24/Nov/2018:04:40:03 +0000] "POST /islogined HTTP/1.1" 200 56
::1 - - [24/Nov/2018:04:42:55 +0000] "POST /login HTTP/1.1" 200 290
::1 - - [24/Nov/2018:04:42:56 +0000] "POST /getDashboardData HTTP/1.1" 200 413
::1 - - [24/Nov/2018:04:42:59 +0000] "POST /getUsers HTTP/1.1" 200 261
::1 - - [24/Nov/2018:04:42:59 +0000] "POST /getTickets HTTP/1.1" 200 326
::1 - - [24/Nov/2018:04:43:01 +0000] "POST /getRTickets HTTP/1.1" 200 -
::1 - - [24/Nov/2018:04:43:03 +0000] "GET //uploads/tickets/Rock_Tulips.jpg HTTP/1.1" 200 620888
::1 - - [24/Nov/2018:04:43:05 +0000] "POST /getUsers HTTP/1.1" 200 261
::1 - - [24/Nov/2018:04:43:05 +0000] "POST /getTickets HTTP/1.1" 200 326
::1 - - [24/Nov/2018:04:43:07 +0000] "POST /getTicketTypes HTTP/1.1" 200 461
::1 - - [24/Nov/2018:04:43:07 +0000] "POST /getTicket HTTP/1.1" 200 480
::1 - - [24/Nov/2018:04:43:16 +0000] "POST /addUpdateTicket HTTP/1.1" 200 190
::1 - - [24/Nov/2018:04:43:16 +0000] "POST /getUsers HTTP/1.1" 200 261
::1 - - [24/Nov/2018:04:43:16 +0000] "POST /getTickets HTTP/1.1" 200 325
::1 - - [24/Nov/2018:04:43:21 +0000] "POST /getTicketTypes HTTP/1.1" 200 461
::1 - - [24/Nov/2018:04:43:21 +0000] "POST /getTicket HTTP/1.1" 200 494
::1 - - [24/Nov/2018:04:43:21 +0000] "GET //uploads/tickets/1543034595652_ HTTP/1.1" 500 14
::1 - - [24/Nov/2018:04:43:23 +0000] "POST /getUsers HTTP/1.1" 200 261
::1 - - [24/Nov/2018:04:43:23 +0000] "POST /getTickets HTTP/1.1" 200 325
::1 - - [28/Nov/2018:16:18:19 +0000] "GET / HTTP/1.1" 200 179
::1 - - [28/Nov/2018:16:18:19 +0000] "GET /stylesheets/style.css HTTP/1.1" 200 119
::1 - - [28/Nov/2018:16:18:19 +0000] "GET /favicon.ico HTTP/1.1" 500 14
::ffff:127.0.0.1 - - [01/Dec/2018:04:56:01 +0000] "POST /isLogined HTTP/1.1" 200 56
::ffff:127.0.0.1 - - [01/Dec/2018:04:56:01 +0000] "POST /login HTTP/1.1" 200 65
::ffff:127.0.0.1 - - [01/Dec/2018:04:56:01 +0000] "POST /isLogined HTTP/1.1" 200 56
::ffff:127.0.0.1 - - [01/Dec/2018:04:56:01 +0000] "POST /getTickets HTTP/1.1" 200 56
::ffff:127.0.0.1 - - [01/Dec/2018:04:56:01 +0000] "POST /getTicketTypes HTTP/1.1" 200 56
::ffff:127.0.0.1 - - [01/Dec/2018:04:56:01 +0000] "POST /addUpdateTicket HTTP/1.1" 200 56
::ffff:127.0.0.1 - - [01/Dec/2018:04:56:01 +0000] "POST /getDashboardData HTTP/1.1" 200 56
::ffff:127.0.0.1 - - [01/Dec/2018:04:56:58 +0000] "POST /isLogined HTTP/1.1" 200 56
::ffff:127.0.0.1 - - [01/Dec/2018:04:56:58 +0000] "POST /login HTTP/1.1" 200 290
::ffff:127.0.0.1 - - [01/Dec/2018:04:56:58 +0000] "POST /isLogined HTTP/1.1" 200 54
::ffff:127.0.0.1 - - [01/Dec/2018:04:56:58 +0000] "POST /getTickets HTTP/1.1" 200 451
::ffff:127.0.0.1 - - [01/Dec/2018:04:56:58 +0000] "POST /getTicketTypes HTTP/1.1" 200 461
::ffff:127.0.0.1 - - [01/Dec/2018:04:56:58 +0000] "POST /addUpdateTicket HTTP/1.1" 200 189
::ffff:127.0.0.1 - - [01/Dec/2018:04:56:58 +0000] "POST /getDashboardData HTTP/1.1" 200 413
